2023-11-13 13:37:45 [INFO]: Started searching for images.
2023-11-13 13:37:45 [ERROR]: Error during auto click: 
2023-11-13 13:37:46 [ERROR]: Error during auto click: 
2023-11-13 13:37:47 [ERROR]: Error during auto click: 
2023-11-13 13:37:47 [ERROR]: Error during auto click: 
2023-11-13 13:37:48 [ERROR]: Error during auto click: 
2023-11-13 13:37:48 [ERROR]: Error during auto click: 
2023-11-13 13:37:49 [ERROR]: Error during auto click: 
2023-11-13 13:37:49 [ERROR]: Error during auto click: 
2023-11-13 13:37:50 [ERROR]: Error during auto click: 
2023-11-13 13:37:51 [ERROR]: Error during auto click: 
2023-11-13 13:37:51 [ERROR]: Error during auto click: 
2023-11-13 13:37:52 [ERROR]: Error during auto click: 
2023-11-13 13:37:52 [ERROR]: Error during auto click: 
2023-11-13 13:37:53 [ERROR]: Error during auto click: 
2023-11-13 13:37:54 [ERROR]: Error during auto click: 
2023-11-13 13:37:55 [ERROR]: Error during auto click: 
2023-11-13 13:37:56 [ERROR]: Error during auto click: 
2023-11-13 13:37:57 [ERROR]: Error during auto click: 
2023-11-13 13:37:58 [ERROR]: Error during auto click: 
2023-11-13 13:37:59 [ERROR]: Error during auto click: 
2023-11-13 13:38:00 [ERROR]: Error during auto click: 
2023-11-13 13:38:01 [ERROR]: Error during auto click: 
2023-11-13 13:38:02 [ERROR]: Error during auto click: 
2023-11-13 13:38:02 [INFO]: Stopped searching for images.
2023-11-13 13:38:03 [ERROR]: Error during auto click: 
2023-11-13 13:38:22 [INFO]: Started searching for images.
2023-11-13 13:38:23 [ERROR]: Error during auto click: 
2023-11-13 13:38:23 [ERROR]: Error during auto click: 
2023-11-13 13:38:24 [ERROR]: Error during auto click: 
2023-11-13 13:38:24 [ERROR]: Error during auto click: 
2023-11-13 13:38:25 [ERROR]: Error during auto click: 
2023-11-13 13:38:25 [ERROR]: Error during auto click: 
2023-11-13 13:38:26 [ERROR]: Error during auto click: 
2023-11-13 13:38:26 [ERROR]: Error during auto click: 
2023-11-13 13:38:27 [ERROR]: Error during auto click: 
2023-11-13 13:38:27 [ERROR]: Error during auto click: 
2023-11-13 13:38:28 [ERROR]: Error during auto click: 
2023-11-13 13:38:28 [ERROR]: Error during auto click: 
2023-11-13 13:38:29 [ERROR]: Error during auto click: 
2023-11-13 13:38:30 [ERROR]: Error during auto click: 
2023-11-13 13:38:30 [ERROR]: Error during auto click: 
2023-11-13 13:38:31 [ERROR]: Error during auto click: 
2023-11-13 13:38:31 [ERROR]: Error during auto click: 
2023-11-13 13:38:32 [ERROR]: Error during auto click: 
2023-11-13 13:38:32 [ERROR]: Error during auto click: 
2023-11-13 13:38:33 [ERROR]: Error during auto click: 
2023-11-13 13:38:33 [ERROR]: Error during auto click: 
2023-11-13 13:38:34 [ERROR]: Error during auto click: 
2023-11-13 13:38:34 [ERROR]: Error during auto click: 
2023-11-13 13:38:35 [ERROR]: Error during auto click: 
2023-11-13 13:38:35 [ERROR]: Error during auto click: 
2023-11-13 13:38:36 [ERROR]: Error during auto click: 
2023-11-13 13:38:36 [ERROR]: Error during auto click: 
2023-11-13 13:38:37 [ERROR]: Error during auto click: 
2023-11-13 13:38:37 [ERROR]: Error during auto click: 
2023-11-13 13:38:38 [ERROR]: Error during auto click: 
2023-11-13 13:38:38 [ERROR]: Error during auto click: 
2023-11-13 13:38:39 [ERROR]: Error during auto click: 
2023-11-13 13:38:39 [ERROR]: Error during auto click: 
2023-11-13 13:38:40 [ERROR]: Error during auto click: 
2023-11-13 13:38:40 [ERROR]: Error during auto click: 
2023-11-13 13:38:41 [ERROR]: Error during auto click: 
2023-11-13 13:38:42 [ERROR]: Error during auto click: 
2023-11-13 13:38:42 [ERROR]: Error during auto click: 
2023-11-13 13:38:43 [INFO]: Stopped searching for images.
2023-11-13 13:38:43 [ERROR]: Error during auto click: 
2023-11-13 13:40:35 [INFO]: Started searching for images.
2023-11-13 13:42:12 [INFO]: Stopped searching for images.
2023-11-13 13:42:18 [INFO]: Started searching for images.
2023-11-13 13:42:27 [INFO]: Stopped searching for images.
2023-11-13 14:21:04 [INFO]: Started searching for images.
2023-11-13 14:21:07 [INFO]: Stopped searching for images.
2023-11-13 14:22:04 [INFO]: Started searching for images.
2023-11-13 14:22:04 [INFO]: Stopped searching for images.
2023-11-13 14:22:23 [INFO]: Started searching for images.
2023-11-13 14:22:24 [ERROR]: Error during auto click: 
2023-11-13 14:22:24 [ERROR]: Error during auto click: 
2023-11-13 14:22:25 [ERROR]: Error during auto click: 
2023-11-13 14:22:25 [INFO]: Stopped searching for images.
2023-11-13 14:22:25 [ERROR]: Error during auto click: 
2023-11-13 14:23:39 [INFO]: Started searching for images.
2023-11-13 14:23:40 [ERROR]: Error during auto click: 
2023-11-13 14:23:42 [ERROR]: Error during auto click: 
2023-11-13 14:23:43 [ERROR]: Error during auto click: 
2023-11-13 14:23:43 [INFO]: Stopped searching for images.
2023-11-13 14:23:44 [ERROR]: Error during auto click: 
2023-11-13 14:23:53 [INFO]: Started searching for images.
2023-11-13 14:23:54 [ERROR]: Error during auto click: 
2023-11-13 14:23:54 [INFO]: Stopped searching for images.
2023-11-13 14:23:55 [ERROR]: Error during auto click: 
2023-11-13 14:25:15 [INFO]: Started searching for images.
2023-11-13 14:25:16 [ERROR]: Error during auto click: 
2023-11-13 14:25:16 [ERROR]: Error during auto click: 
2023-11-13 14:25:17 [ERROR]: Error during auto click: 
2023-11-13 14:25:18 [ERROR]: Error during auto click: 
2023-11-13 14:25:18 [ERROR]: Error during auto click: 
2023-11-13 14:25:19 [ERROR]: Error during auto click: 
2023-11-13 14:25:20 [ERROR]: Error during auto click: 
2023-11-13 14:25:20 [ERROR]: Error during auto click: 
2023-11-13 14:25:21 [ERROR]: Error during auto click: 
2023-11-13 14:25:21 [ERROR]: Error during auto click: 
2023-11-13 14:25:22 [ERROR]: Error during auto click: 
2023-11-13 14:25:23 [ERROR]: Error during auto click: 
2023-11-13 14:25:23 [ERROR]: Error during auto click: 
2023-11-13 14:25:24 [ERROR]: Error during auto click: 
2023-11-13 14:25:24 [ERROR]: Error during auto click: 
2023-11-13 14:25:25 [ERROR]: Error during auto click: 
2023-11-13 14:25:25 [ERROR]: Error during auto click: 
2023-11-13 14:25:26 [ERROR]: Error during auto click: 
2023-11-13 14:25:26 [ERROR]: Error during auto click: 
2023-11-13 14:25:27 [ERROR]: Error during auto click: 
2023-11-13 14:25:27 [ERROR]: Error during auto click: 
2023-11-13 14:25:28 [ERROR]: Error during auto click: 
2023-11-13 14:25:28 [ERROR]: Error during auto click: 
2023-11-13 14:25:29 [ERROR]: Error during auto click: 
2023-11-13 14:25:29 [ERROR]: Error during auto click: 
2023-11-13 14:25:30 [ERROR]: Error during auto click: 
2023-11-13 14:25:30 [ERROR]: Error during auto click: 
2023-11-13 14:25:31 [ERROR]: Error during auto click: 
2023-11-13 14:25:31 [ERROR]: Error during auto click: 
2023-11-13 14:25:32 [ERROR]: Error during auto click: 
2023-11-13 14:25:32 [INFO]: Stopped searching for images.
2023-11-13 14:25:33 [ERROR]: Error during auto click: 
2023-11-13 14:38:57 [INFO]: Started searching for images.
2023-11-13 14:38:58 [ERROR]: Error during auto click: 
2023-11-13 14:38:58 [ERROR]: Error during auto click: 
2023-11-13 14:38:59 [ERROR]: Error during auto click: 
2023-11-13 14:38:59 [INFO]: Stopped searching for images.
2023-11-13 14:38:59 [ERROR]: Error during auto click: 
2023-11-13 14:39:29 [INFO]: Started searching for images.
2023-11-13 14:39:29 [ERROR]: Error during auto click: 
2023-11-13 14:39:30 [ERROR]: Error during auto click: 
2023-11-13 14:39:30 [ERROR]: Error during auto click: 
2023-11-13 14:39:31 [INFO]: Stopped searching for images.
2023-11-13 14:39:31 [ERROR]: Error during auto click: 
2023-11-13 14:39:44 [INFO]: Started searching for images.
2023-11-13 14:39:45 [ERROR]: Error during auto click: 
2023-11-13 14:39:45 [ERROR]: Error during auto click: 
2023-11-13 14:39:46 [INFO]: Stopped searching for images.
2023-11-13 14:39:46 [ERROR]: Error during auto click: 
2023-11-13 14:46:33 [INFO]: Started searching for images.
2023-11-13 14:46:33 [ERROR]: Error during auto click: [Errno 13] Permission denied: 'pictures'
2023-11-13 14:46:33 [ERROR]: Error during auto click: [Errno 13] Permission denied: 'pictures'
2023-11-13 14:46:33 [ERROR]: Error during auto click: [Errno 13] Permission denied: 'pictures'
2023-11-13 14:46:33 [ERROR]: Error during auto click: [Errno 13] Permission denied: 'pictures'
2023-11-13 14:46:33 [ERROR]: Error during auto click: [Errno 13] Permission denied: 'pictures'
2023-11-13 14:46:33 [ERROR]: Error during auto click: [Errno 13] Permission denied: 'pictures'
2023-11-13 14:46:33 [ERROR]: Error during auto click: [Errno 13] Permission denied: 'pictures'
2023-11-13 14:46:33 [ERROR]: Error during auto click: [Errno 13] Permission denied: 'pictures'
2023-11-13 14:46:33 [ERROR]: Error during auto click: [Errno 13] Permission denied: 'pictures'
2023-11-13 14:46:33 [ERROR]: Error during auto click: [Errno 13] Permission denied: 'pictures'
2023-11-13 14:46:33 [ERROR]: Error during auto click: [Errno 13] Permission denied: 'pictures'
2023-11-13 14:46:33 [ERROR]: Error during auto click: [Errno 13] Permission denied: 'pictures'
2023-11-13 14:46:33 [ERROR]: Error during auto click: [Errno 13] Permission denied: 'pictures'
2023-11-13 14:46:33 [ERROR]: Error during auto click: [Errno 13] Permission denied: 'pictures'
2023-11-13 14:46:34 [ERROR]: Error during auto click: [Errno 13] Permission denied: 'pictures'
2023-11-13 14:46:34 [ERROR]: Error during auto click: [Errno 13] Permission denied: 'pictures'
2023-11-13 14:46:34 [ERROR]: Error during auto click: [Errno 13] Permission denied: 'pictures'
2023-11-13 14:46:34 [ERROR]: Error during auto click: [Errno 13] Permission denied: 'pictures'
2023-11-13 14:46:34 [ERROR]: Error during auto click: [Errno 13] Permission denied: 'pictures'
2023-11-13 14:46:34 [ERROR]: Error during auto click: [Errno 13] Permission denied: 'pictures'
2023-11-13 14:46:34 [ERROR]: Error during auto click: [Errno 13] Permission denied: 'pictures'
2023-11-13 14:46:34 [ERROR]: Error during auto click: [Errno 13] Permission denied: 'pictures'
2023-11-13 14:46:34 [ERROR]: Error during auto click: [Errno 13] Permission denied: 'pictures'
2023-11-13 14:46:34 [ERROR]: Error during auto click: [Errno 13] Permission denied: 'pictures'
2023-11-13 14:46:34 [ERROR]: Error during auto click: [Errno 13] Permission denied: 'pictures'
2023-11-13 14:46:34 [ERROR]: Error during auto click: [Errno 13] Permission denied: 'pictures'
2023-11-13 14:46:34 [ERROR]: Error during auto click: [Errno 13] Permission denied: 'pictures'
2023-11-13 14:46:34 [ERROR]: Error during auto click: [Errno 13] Permission denied: 'pictures'
2023-11-13 14:46:34 [ERROR]: Error during auto click: [Errno 13] Permission denied: 'pictures'
2023-11-13 14:46:34 [ERROR]: Error during auto click: [Errno 13] Permission denied: 'pictures'
2023-11-13 14:46:34 [ERROR]: Error during auto click: [Errno 13] Permission denied: 'pictures'
2023-11-13 14:46:34 [ERROR]: Error during auto click: [Errno 13] Permission denied: 'pictures'
2023-11-13 14:46:34 [ERROR]: Error during auto click: [Errno 13] Permission denied: 'pictures'
2023-11-13 14:46:34 [ERROR]: Error during auto click: [Errno 13] Permission denied: 'pictures'
2023-11-13 14:46:34 [ERROR]: Error during auto click: [Errno 13] Permission denied: 'pictures'
2023-11-13 14:46:34 [ERROR]: Error during auto click: [Errno 13] Permission denied: 'pictures'
2023-11-13 14:46:34 [ERROR]: Error during auto click: [Errno 13] Permission denied: 'pictures'
2023-11-13 14:46:34 [ERROR]: Error during auto click: [Errno 13] Permission denied: 'pictures'
2023-11-13 14:46:34 [ERROR]: Error during auto click: [Errno 13] Permission denied: 'pictures'
2023-11-13 14:46:34 [ERROR]: Error during auto click: [Errno 13] Permission denied: 'pictures'
2023-11-13 14:46:34 [ERROR]: Error during auto click: [Errno 13] Permission denied: 'pictures'
2023-11-13 14:46:34 [ERROR]: Error during auto click: [Errno 13] Permission denied: 'pictures'
2023-11-13 14:46:34 [ERROR]: Error during auto click: [Errno 13] Permission denied: 'pictures'
2023-11-13 14:46:34 [ERROR]: Error during auto click: [Errno 13] Permission denied: 'pictures'
2023-11-13 14:46:35 [ERROR]: Error during auto click: [Errno 13] Permission denied: 'pictures'
2023-11-13 14:46:35 [ERROR]: Error during auto click: [Errno 13] Permission denied: 'pictures'
2023-11-13 14:46:35 [ERROR]: Error during auto click: [Errno 13] Permission denied: 'pictures'
2023-11-13 14:46:35 [ERROR]: Error during auto click: [Errno 13] Permission denied: 'pictures'
2023-11-13 14:46:35 [ERROR]: Error during auto click: [Errno 13] Permission denied: 'pictures'
2023-11-13 14:46:35 [ERROR]: Error during auto click: [Errno 13] Permission denied: 'pictures'
2023-11-13 14:46:35 [ERROR]: Error during auto click: [Errno 13] Permission denied: 'pictures'
2023-11-13 14:46:35 [ERROR]: Error during auto click: [Errno 13] Permission denied: 'pictures'
2023-11-13 14:46:35 [ERROR]: Error during auto click: [Errno 13] Permission denied: 'pictures'
2023-11-13 14:46:35 [ERROR]: Error during auto click: [Errno 13] Permission denied: 'pictures'
2023-11-13 14:46:35 [ERROR]: Error during auto click: [Errno 13] Permission denied: 'pictures'
2023-11-13 14:46:35 [ERROR]: Error during auto click: [Errno 13] Permission denied: 'pictures'
2023-11-13 14:46:35 [ERROR]: Error during auto click: [Errno 13] Permission denied: 'pictures'
2023-11-13 14:46:35 [ERROR]: Error during auto click: [Errno 13] Permission denied: 'pictures'
2023-11-13 14:46:35 [ERROR]: Error during auto click: [Errno 13] Permission denied: 'pictures'
2023-11-13 14:46:35 [ERROR]: Error during auto click: [Errno 13] Permission denied: 'pictures'
2023-11-13 14:46:35 [INFO]: Stopped searching for images.
2023-11-13 14:46:35 [ERROR]: Error during auto click: [Errno 13] Permission denied: 'pictures'
2023-11-13 14:48:21 [INFO]: Started searching for images.
2023-11-13 14:48:21 [ERROR]: Error during auto click: [Errno 13] Permission denied: 'pictures'
2023-11-13 14:48:21 [ERROR]: Error during auto click: [Errno 13] Permission denied: 'pictures'
2023-11-13 14:48:21 [ERROR]: Error during auto click: [Errno 13] Permission denied: 'pictures'
2023-11-13 14:48:21 [ERROR]: Error during auto click: [Errno 13] Permission denied: 'pictures'
2023-11-13 14:48:21 [ERROR]: Error during auto click: [Errno 13] Permission denied: 'pictures'
2023-11-13 14:48:21 [ERROR]: Error during auto click: [Errno 13] Permission denied: 'pictures'
2023-11-13 14:48:21 [ERROR]: Error during auto click: [Errno 13] Permission denied: 'pictures'
2023-11-13 14:48:21 [ERROR]: Error during auto click: [Errno 13] Permission denied: 'pictures'
2023-11-13 14:48:21 [ERROR]: Error during auto click: [Errno 13] Permission denied: 'pictures'
2023-11-13 14:48:21 [ERROR]: Error during auto click: [Errno 13] Permission denied: 'pictures'
2023-11-13 14:48:21 [ERROR]: Error during auto click: [Errno 13] Permission denied: 'pictures'
2023-11-13 14:48:22 [ERROR]: Error during auto click: [Errno 13] Permission denied: 'pictures'
2023-11-13 14:48:22 [ERROR]: Error during auto click: [Errno 13] Permission denied: 'pictures'
2023-11-13 14:48:22 [ERROR]: Error during auto click: [Errno 13] Permission denied: 'pictures'
2023-11-13 14:48:22 [ERROR]: Error during auto click: [Errno 13] Permission denied: 'pictures'
2023-11-13 14:48:22 [ERROR]: Error during auto click: [Errno 13] Permission denied: 'pictures'
2023-11-13 14:48:22 [ERROR]: Error during auto click: [Errno 13] Permission denied: 'pictures'
2023-11-13 14:48:22 [ERROR]: Error during auto click: [Errno 13] Permission denied: 'pictures'
2023-11-13 14:48:22 [ERROR]: Error during auto click: [Errno 13] Permission denied: 'pictures'
2023-11-13 14:48:22 [ERROR]: Error during auto click: [Errno 13] Permission denied: 'pictures'
2023-11-13 14:48:22 [ERROR]: Error during auto click: [Errno 13] Permission denied: 'pictures'
2023-11-13 14:48:22 [ERROR]: Error during auto click: [Errno 13] Permission denied: 'pictures'
2023-11-13 14:48:22 [ERROR]: Error during auto click: [Errno 13] Permission denied: 'pictures'
2023-11-13 14:48:22 [ERROR]: Error during auto click: [Errno 13] Permission denied: 'pictures'
2023-11-13 14:48:22 [ERROR]: Error during auto click: [Errno 13] Permission denied: 'pictures'
2023-11-13 14:48:22 [ERROR]: Error during auto click: [Errno 13] Permission denied: 'pictures'
2023-11-13 14:48:22 [ERROR]: Error during auto click: [Errno 13] Permission denied: 'pictures'
2023-11-13 14:48:22 [ERROR]: Error during auto click: [Errno 13] Permission denied: 'pictures'
2023-11-13 14:48:22 [ERROR]: Error during auto click: [Errno 13] Permission denied: 'pictures'
2023-11-13 14:48:22 [ERROR]: Error during auto click: [Errno 13] Permission denied: 'pictures'
2023-11-13 14:48:22 [ERROR]: Error during auto click: [Errno 13] Permission denied: 'pictures'
2023-11-13 14:48:22 [ERROR]: Error during auto click: [Errno 13] Permission denied: 'pictures'
2023-11-13 14:48:22 [ERROR]: Error during auto click: [Errno 13] Permission denied: 'pictures'
2023-11-13 14:48:22 [ERROR]: Error during auto click: [Errno 13] Permission denied: 'pictures'
2023-11-13 14:48:22 [ERROR]: Error during auto click: [Errno 13] Permission denied: 'pictures'
2023-11-13 14:48:22 [ERROR]: Error during auto click: [Errno 13] Permission denied: 'pictures'
2023-11-13 14:48:22 [ERROR]: Error during auto click: [Errno 13] Permission denied: 'pictures'
2023-11-13 14:48:22 [ERROR]: Error during auto click: [Errno 13] Permission denied: 'pictures'
2023-11-13 14:48:22 [ERROR]: Error during auto click: [Errno 13] Permission denied: 'pictures'
2023-11-13 14:48:22 [ERROR]: Error during auto click: [Errno 13] Permission denied: 'pictures'
2023-11-13 14:48:22 [ERROR]: Error during auto click: [Errno 13] Permission denied: 'pictures'
2023-11-13 14:48:23 [ERROR]: Error during auto click: [Errno 13] Permission denied: 'pictures'
2023-11-13 14:48:23 [ERROR]: Error during auto click: [Errno 13] Permission denied: 'pictures'
2023-11-13 14:48:23 [ERROR]: Error during auto click: [Errno 13] Permission denied: 'pictures'
2023-11-13 14:48:23 [INFO]: Stopped searching for images.
2023-11-13 14:48:23 [ERROR]: Error during auto click: [Errno 13] Permission denied: 'pictures'
2023-11-13 14:51:59 [INFO]: Started searching for images.
2023-11-13 14:51:59 [ERROR]: Error during auto click: [Errno 13] Permission denied: 'pictures'
2023-11-13 14:51:59 [ERROR]: Error during auto click: [Errno 13] Permission denied: 'pictures'
2023-11-13 14:51:59 [ERROR]: Error during auto click: [Errno 13] Permission denied: 'pictures'
2023-11-13 14:51:59 [ERROR]: Error during auto click: [Errno 13] Permission denied: 'pictures'
2023-11-13 14:51:59 [ERROR]: Error during auto click: [Errno 13] Permission denied: 'pictures'
2023-11-13 14:51:59 [ERROR]: Error during auto click: [Errno 13] Permission denied: 'pictures'
2023-11-13 14:51:59 [ERROR]: Error during auto click: [Errno 13] Permission denied: 'pictures'
2023-11-13 14:51:59 [ERROR]: Error during auto click: [Errno 13] Permission denied: 'pictures'
2023-11-13 14:51:59 [ERROR]: Error during auto click: [Errno 13] Permission denied: 'pictures'
2023-11-13 14:51:59 [ERROR]: Error during auto click: [Errno 13] Permission denied: 'pictures'
2023-11-13 14:51:59 [ERROR]: Error during auto click: [Errno 13] Permission denied: 'pictures'
2023-11-13 14:51:59 [ERROR]: Error during auto click: [Errno 13] Permission denied: 'pictures'
2023-11-13 14:51:59 [ERROR]: Error during auto click: [Errno 13] Permission denied: 'pictures'
2023-11-13 14:51:59 [ERROR]: Error during auto click: [Errno 13] Permission denied: 'pictures'
2023-11-13 14:51:59 [ERROR]: Error during auto click: [Errno 13] Permission denied: 'pictures'
2023-11-13 14:51:59 [ERROR]: Error during auto click: [Errno 13] Permission denied: 'pictures'
2023-11-13 14:51:59 [ERROR]: Error during auto click: [Errno 13] Permission denied: 'pictures'
2023-11-13 14:51:59 [ERROR]: Error during auto click: [Errno 13] Permission denied: 'pictures'
2023-11-13 14:51:59 [ERROR]: Error during auto click: [Errno 13] Permission denied: 'pictures'
2023-11-13 14:51:59 [ERROR]: Error during auto click: [Errno 13] Permission denied: 'pictures'
2023-11-13 14:51:59 [ERROR]: Error during auto click: [Errno 13] Permission denied: 'pictures'
2023-11-13 14:51:59 [ERROR]: Error during auto click: [Errno 13] Permission denied: 'pictures'
2023-11-13 14:51:59 [ERROR]: Error during auto click: [Errno 13] Permission denied: 'pictures'
2023-11-13 14:51:59 [ERROR]: Error during auto click: [Errno 13] Permission denied: 'pictures'
2023-11-13 14:51:59 [ERROR]: Error during auto click: [Errno 13] Permission denied: 'pictures'
2023-11-13 14:52:00 [ERROR]: Error during auto click: [Errno 13] Permission denied: 'pictures'
2023-11-13 14:52:00 [ERROR]: Error during auto click: [Errno 13] Permission denied: 'pictures'
2023-11-13 14:52:00 [ERROR]: Error during auto click: [Errno 13] Permission denied: 'pictures'
2023-11-13 14:52:00 [ERROR]: Error during auto click: [Errno 13] Permission denied: 'pictures'
2023-11-13 14:52:00 [ERROR]: Error during auto click: [Errno 13] Permission denied: 'pictures'
2023-11-13 14:52:00 [ERROR]: Error during auto click: [Errno 13] Permission denied: 'pictures'
2023-11-13 14:52:00 [ERROR]: Error during auto click: [Errno 13] Permission denied: 'pictures'
2023-11-13 14:52:00 [ERROR]: Error during auto click: [Errno 13] Permission denied: 'pictures'
2023-11-13 14:52:00 [ERROR]: Error during auto click: [Errno 13] Permission denied: 'pictures'
2023-11-13 14:52:00 [ERROR]: Error during auto click: [Errno 13] Permission denied: 'pictures'
2023-11-13 14:52:00 [ERROR]: Error during auto click: [Errno 13] Permission denied: 'pictures'
2023-11-13 14:52:00 [ERROR]: Error during auto click: [Errno 13] Permission denied: 'pictures'
2023-11-13 14:52:00 [ERROR]: Error during auto click: [Errno 13] Permission denied: 'pictures'
2023-11-13 14:52:00 [ERROR]: Error during auto click: [Errno 13] Permission denied: 'pictures'
2023-11-13 14:52:00 [ERROR]: Error during auto click: [Errno 13] Permission denied: 'pictures'
2023-11-13 14:52:00 [ERROR]: Error during auto click: [Errno 13] Permission denied: 'pictures'
2023-11-13 14:52:00 [ERROR]: Error during auto click: [Errno 13] Permission denied: 'pictures'
2023-11-13 14:52:00 [ERROR]: Error during auto click: [Errno 13] Permission denied: 'pictures'
2023-11-13 14:52:00 [ERROR]: Error during auto click: [Errno 13] Permission denied: 'pictures'
2023-11-13 14:52:00 [ERROR]: Error during auto click: [Errno 13] Permission denied: 'pictures'
2023-11-13 14:52:00 [ERROR]: Error during auto click: [Errno 13] Permission denied: 'pictures'
2023-11-13 14:52:00 [ERROR]: Error during auto click: [Errno 13] Permission denied: 'pictures'
2023-11-13 14:52:00 [ERROR]: Error during auto click: [Errno 13] Permission denied: 'pictures'
2023-11-13 14:52:00 [ERROR]: Error during auto click: [Errno 13] Permission denied: 'pictures'
2023-11-13 14:52:00 [ERROR]: Error during auto click: [Errno 13] Permission denied: 'pictures'
2023-11-13 14:52:00 [ERROR]: Error during auto click: [Errno 13] Permission denied: 'pictures'
2023-11-13 14:52:00 [INFO]: Stopped searching for images.
2023-11-13 14:52:00 [ERROR]: Error during auto click: [Errno 13] Permission denied: 'pictures'
2023-11-13 15:01:48 [INFO]: Started searching for images.
2023-11-13 15:01:48 [ERROR]: Error during auto click: 'tuple' object has no attribute 'convert'
2023-11-13 15:01:48 [ERROR]: Error during auto click: 'tuple' object has no attribute 'convert'
2023-11-13 15:01:48 [ERROR]: Error during auto click: 'tuple' object has no attribute 'convert'
2023-11-13 15:01:48 [ERROR]: Error during auto click: 'tuple' object has no attribute 'convert'
2023-11-13 15:01:48 [ERROR]: Error during auto click: 'tuple' object has no attribute 'convert'
2023-11-13 15:01:48 [ERROR]: Error during auto click: 'tuple' object has no attribute 'convert'
2023-11-13 15:01:48 [ERROR]: Error during auto click: 'tuple' object has no attribute 'convert'
2023-11-13 15:01:48 [ERROR]: Error during auto click: 'tuple' object has no attribute 'convert'
2023-11-13 15:01:48 [ERROR]: Error during auto click: 'tuple' object has no attribute 'convert'
2023-11-13 15:01:48 [ERROR]: Error during auto click: 'tuple' object has no attribute 'convert'
2023-11-13 15:01:48 [ERROR]: Error during auto click: 'tuple' object has no attribute 'convert'
2023-11-13 15:01:48 [ERROR]: Error during auto click: 'tuple' object has no attribute 'convert'
2023-11-13 15:01:48 [ERROR]: Error during auto click: 'tuple' object has no attribute 'convert'
2023-11-13 15:01:48 [ERROR]: Error during auto click: 'tuple' object has no attribute 'convert'
2023-11-13 15:01:48 [ERROR]: Error during auto click: 'tuple' object has no attribute 'convert'
2023-11-13 15:01:48 [ERROR]: Error during auto click: 'tuple' object has no attribute 'convert'
2023-11-13 15:01:48 [ERROR]: Error during auto click: 'tuple' object has no attribute 'convert'
2023-11-13 15:01:48 [ERROR]: Error during auto click: 'tuple' object has no attribute 'convert'
2023-11-13 15:01:48 [ERROR]: Error during auto click: 'tuple' object has no attribute 'convert'
2023-11-13 15:01:48 [ERROR]: Error during auto click: 'tuple' object has no attribute 'convert'
2023-11-13 15:01:48 [ERROR]: Error during auto click: 'tuple' object has no attribute 'convert'
2023-11-13 15:01:48 [ERROR]: Error during auto click: 'tuple' object has no attribute 'convert'
2023-11-13 15:01:48 [ERROR]: Error during auto click: 'tuple' object has no attribute 'convert'
2023-11-13 15:01:48 [ERROR]: Error during auto click: 'tuple' object has no attribute 'convert'
2023-11-13 15:01:48 [ERROR]: Error during auto click: 'tuple' object has no attribute 'convert'
2023-11-13 15:01:48 [ERROR]: Error during auto click: 'tuple' object has no attribute 'convert'
2023-11-13 15:01:48 [ERROR]: Error during auto click: 'tuple' object has no attribute 'convert'
2023-11-13 15:01:49 [ERROR]: Error during auto click: 'tuple' object has no attribute 'convert'
2023-11-13 15:01:49 [ERROR]: Error during auto click: 'tuple' object has no attribute 'convert'
2023-11-13 15:01:49 [ERROR]: Error during auto click: 'tuple' object has no attribute 'convert'
2023-11-13 15:01:49 [ERROR]: Error during auto click: 'tuple' object has no attribute 'convert'
2023-11-13 15:01:49 [ERROR]: Error during auto click: 'tuple' object has no attribute 'convert'
2023-11-13 15:01:49 [ERROR]: Error during auto click: 'tuple' object has no attribute 'convert'
2023-11-13 15:01:49 [ERROR]: Error during auto click: 'tuple' object has no attribute 'convert'
2023-11-13 15:01:49 [ERROR]: Error during auto click: 'tuple' object has no attribute 'convert'
2023-11-13 15:01:49 [ERROR]: Error during auto click: 'tuple' object has no attribute 'convert'
2023-11-13 15:01:49 [ERROR]: Error during auto click: 'tuple' object has no attribute 'convert'
2023-11-13 15:01:49 [ERROR]: Error during auto click: 'tuple' object has no attribute 'convert'
2023-11-13 15:01:49 [ERROR]: Error during auto click: 'tuple' object has no attribute 'convert'
2023-11-13 15:01:49 [ERROR]: Error during auto click: 'tuple' object has no attribute 'convert'
2023-11-13 15:01:49 [ERROR]: Error during auto click: 'tuple' object has no attribute 'convert'
2023-11-13 15:01:49 [ERROR]: Error during auto click: 'tuple' object has no attribute 'convert'
2023-11-13 15:01:49 [ERROR]: Error during auto click: 'tuple' object has no attribute 'convert'
2023-11-13 15:01:49 [ERROR]: Error during auto click: 'tuple' object has no attribute 'convert'
2023-11-13 15:01:49 [ERROR]: Error during auto click: 'tuple' object has no attribute 'convert'
2023-11-13 15:01:49 [ERROR]: Error during auto click: 'tuple' object has no attribute 'convert'
2023-11-13 15:01:49 [ERROR]: Error during auto click: 'tuple' object has no attribute 'convert'
2023-11-13 15:01:49 [ERROR]: Error during auto click: 'tuple' object has no attribute 'convert'
2023-11-13 15:01:49 [ERROR]: Error during auto click: 'tuple' object has no attribute 'convert'
2023-11-13 15:01:49 [ERROR]: Error during auto click: 'tuple' object has no attribute 'convert'
2023-11-13 15:01:49 [ERROR]: Error during auto click: 'tuple' object has no attribute 'convert'
2023-11-13 15:01:49 [INFO]: Stopped searching for images.
2023-11-13 15:01:49 [ERROR]: Error during auto click: 'tuple' object has no attribute 'convert'
2023-11-13 15:06:54 [INFO]: Started searching for images.
2023-11-13 15:06:54 [ERROR]: Error during auto click: 'tuple' object has no attribute 'convert'
2023-11-13 15:06:54 [ERROR]: Error during auto click: 'tuple' object has no attribute 'convert'
2023-11-13 15:06:54 [ERROR]: Error during auto click: 'tuple' object has no attribute 'convert'
2023-11-13 15:06:54 [ERROR]: Error during auto click: 'tuple' object has no attribute 'convert'
2023-11-13 15:06:54 [ERROR]: Error during auto click: 'tuple' object has no attribute 'convert'
2023-11-13 15:06:54 [ERROR]: Error during auto click: 'tuple' object has no attribute 'convert'
2023-11-13 15:06:54 [ERROR]: Error during auto click: 'tuple' object has no attribute 'convert'
2023-11-13 15:06:54 [ERROR]: Error during auto click: 'tuple' object has no attribute 'convert'
2023-11-13 15:06:54 [ERROR]: Error during auto click: 'tuple' object has no attribute 'convert'
2023-11-13 15:06:54 [ERROR]: Error during auto click: 'tuple' object has no attribute 'convert'
2023-11-13 15:06:54 [ERROR]: Error during auto click: 'tuple' object has no attribute 'convert'
2023-11-13 15:06:54 [ERROR]: Error during auto click: 'tuple' object has no attribute 'convert'
2023-11-13 15:06:54 [ERROR]: Error during auto click: 'tuple' object has no attribute 'convert'
2023-11-13 15:06:54 [ERROR]: Error during auto click: 'tuple' object has no attribute 'convert'
2023-11-13 15:06:54 [ERROR]: Error during auto click: 'tuple' object has no attribute 'convert'
2023-11-13 15:06:54 [ERROR]: Error during auto click: 'tuple' object has no attribute 'convert'
2023-11-13 15:06:54 [ERROR]: Error during auto click: 'tuple' object has no attribute 'convert'
2023-11-13 15:06:54 [ERROR]: Error during auto click: 'tuple' object has no attribute 'convert'
2023-11-13 15:06:54 [ERROR]: Error during auto click: 'tuple' object has no attribute 'convert'
2023-11-13 15:06:54 [ERROR]: Error during auto click: 'tuple' object has no attribute 'convert'
2023-11-13 15:06:54 [ERROR]: Error during auto click: 'tuple' object has no attribute 'convert'
2023-11-13 15:06:54 [ERROR]: Error during auto click: 'tuple' object has no attribute 'convert'
2023-11-13 15:06:55 [INFO]: Stopped searching for images.
2023-11-13 15:06:55 [ERROR]: Error during auto click: 'tuple' object has no attribute 'convert'
2023-11-13 15:07:13 [INFO]: Started searching for images.
2023-11-13 15:07:13 [ERROR]: Error during auto click: [Errno 2] No such file or directory: 'D:\\tmp\\pictures\\test'
2023-11-13 15:07:13 [ERROR]: Error during auto click: [Errno 2] No such file or directory: 'D:\\tmp\\pictures\\test'
2023-11-13 15:07:13 [ERROR]: Error during auto click: [Errno 2] No such file or directory: 'D:\\tmp\\pictures\\test'
2023-11-13 15:07:13 [ERROR]: Error during auto click: [Errno 2] No such file or directory: 'D:\\tmp\\pictures\\test'
2023-11-13 15:07:13 [ERROR]: Error during auto click: [Errno 2] No such file or directory: 'D:\\tmp\\pictures\\test'
2023-11-13 15:07:13 [ERROR]: Error during auto click: [Errno 2] No such file or directory: 'D:\\tmp\\pictures\\test'
2023-11-13 15:07:13 [ERROR]: Error during auto click: [Errno 2] No such file or directory: 'D:\\tmp\\pictures\\test'
2023-11-13 15:07:13 [ERROR]: Error during auto click: [Errno 2] No such file or directory: 'D:\\tmp\\pictures\\test'
2023-11-13 15:07:13 [ERROR]: Error during auto click: [Errno 2] No such file or directory: 'D:\\tmp\\pictures\\test'
2023-11-13 15:07:13 [ERROR]: Error during auto click: [Errno 2] No such file or directory: 'D:\\tmp\\pictures\\test'
2023-11-13 15:07:13 [ERROR]: Error during auto click: [Errno 2] No such file or directory: 'D:\\tmp\\pictures\\test'
2023-11-13 15:07:13 [ERROR]: Error during auto click: [Errno 2] No such file or directory: 'D:\\tmp\\pictures\\test'
2023-11-13 15:07:13 [ERROR]: Error during auto click: [Errno 2] No such file or directory: 'D:\\tmp\\pictures\\test'
2023-11-13 15:07:13 [ERROR]: Error during auto click: [Errno 2] No such file or directory: 'D:\\tmp\\pictures\\test'
2023-11-13 15:07:13 [ERROR]: Error during auto click: [Errno 2] No such file or directory: 'D:\\tmp\\pictures\\test'
2023-11-13 15:07:13 [ERROR]: Error during auto click: [Errno 2] No such file or directory: 'D:\\tmp\\pictures\\test'
2023-11-13 15:07:13 [ERROR]: Error during auto click: [Errno 2] No such file or directory: 'D:\\tmp\\pictures\\test'
2023-11-13 15:07:13 [ERROR]: Error during auto click: [Errno 2] No such file or directory: 'D:\\tmp\\pictures\\test'
2023-11-13 15:07:13 [ERROR]: Error during auto click: [Errno 2] No such file or directory: 'D:\\tmp\\pictures\\test'
2023-11-13 15:07:13 [ERROR]: Error during auto click: [Errno 2] No such file or directory: 'D:\\tmp\\pictures\\test'
2023-11-13 15:07:13 [ERROR]: Error during auto click: [Errno 2] No such file or directory: 'D:\\tmp\\pictures\\test'
2023-11-13 15:07:14 [ERROR]: Error during auto click: [Errno 2] No such file or directory: 'D:\\tmp\\pictures\\test'
2023-11-13 15:07:14 [ERROR]: Error during auto click: [Errno 2] No such file or directory: 'D:\\tmp\\pictures\\test'
2023-11-13 15:07:14 [ERROR]: Error during auto click: [Errno 2] No such file or directory: 'D:\\tmp\\pictures\\test'
2023-11-13 15:07:14 [ERROR]: Error during auto click: [Errno 2] No such file or directory: 'D:\\tmp\\pictures\\test'
2023-11-13 15:07:14 [ERROR]: Error during auto click: [Errno 2] No such file or directory: 'D:\\tmp\\pictures\\test'
2023-11-13 15:07:14 [ERROR]: Error during auto click: [Errno 2] No such file or directory: 'D:\\tmp\\pictures\\test'
2023-11-13 15:07:14 [ERROR]: Error during auto click: [Errno 2] No such file or directory: 'D:\\tmp\\pictures\\test'
2023-11-13 15:07:14 [ERROR]: Error during auto click: [Errno 2] No such file or directory: 'D:\\tmp\\pictures\\test'
2023-11-13 15:07:14 [ERROR]: Error during auto click: [Errno 2] No such file or directory: 'D:\\tmp\\pictures\\test'
2023-11-13 15:07:14 [ERROR]: Error during auto click: [Errno 2] No such file or directory: 'D:\\tmp\\pictures\\test'
2023-11-13 15:07:14 [ERROR]: Error during auto click: [Errno 2] No such file or directory: 'D:\\tmp\\pictures\\test'
2023-11-13 15:07:14 [ERROR]: Error during auto click: [Errno 2] No such file or directory: 'D:\\tmp\\pictures\\test'
2023-11-13 15:07:14 [ERROR]: Error during auto click: [Errno 2] No such file or directory: 'D:\\tmp\\pictures\\test'
2023-11-13 15:07:14 [ERROR]: Error during auto click: [Errno 2] No such file or directory: 'D:\\tmp\\pictures\\test'
2023-11-13 15:07:14 [ERROR]: Error during auto click: [Errno 2] No such file or directory: 'D:\\tmp\\pictures\\test'
2023-11-13 15:07:14 [ERROR]: Error during auto click: [Errno 2] No such file or directory: 'D:\\tmp\\pictures\\test'
2023-11-13 15:07:14 [ERROR]: Error during auto click: [Errno 2] No such file or directory: 'D:\\tmp\\pictures\\test'
2023-11-13 15:07:14 [ERROR]: Error during auto click: [Errno 2] No such file or directory: 'D:\\tmp\\pictures\\test'
2023-11-13 15:07:14 [ERROR]: Error during auto click: [Errno 2] No such file or directory: 'D:\\tmp\\pictures\\test'
2023-11-13 15:07:14 [ERROR]: Error during auto click: [Errno 2] No such file or directory: 'D:\\tmp\\pictures\\test'
2023-11-13 15:07:14 [ERROR]: Error during auto click: [Errno 2] No such file or directory: 'D:\\tmp\\pictures\\test'
2023-11-13 15:07:14 [ERROR]: Error during auto click: [Errno 2] No such file or directory: 'D:\\tmp\\pictures\\test'
2023-11-13 15:07:14 [ERROR]: Error during auto click: [Errno 2] No such file or directory: 'D:\\tmp\\pictures\\test'
2023-11-13 15:07:14 [ERROR]: Error during auto click: [Errno 2] No such file or directory: 'D:\\tmp\\pictures\\test'
2023-11-13 15:07:14 [ERROR]: Error during auto click: [Errno 2] No such file or directory: 'D:\\tmp\\pictures\\test'
2023-11-13 15:07:14 [INFO]: Stopped searching for images.
2023-11-13 15:07:14 [ERROR]: Error during auto click: [Errno 2] No such file or directory: 'D:\\tmp\\pictures\\test'
2023-11-13 15:08:42 [INFO]: Started searching for images.
2023-11-13 15:08:42 [ERROR]: Error during auto click: 
2023-11-13 15:08:42 [INFO]: Stopped searching for images.
2023-11-13 15:08:43 [ERROR]: Error during auto click: 
2023-11-13 15:09:17 [INFO]: Started searching for images.
2023-11-13 15:09:22 [INFO]: Stopped searching for images.
2023-11-13 15:09:28 [INFO]: Started searching for images.
2023-11-13 15:09:45 [INFO]: Stopped searching for images.
2023-11-13 15:09:46 [INFO]: Started searching for images.
2023-11-13 15:09:52 [INFO]: Stopped searching for images.
2023-11-13 15:09:53 [INFO]: Started searching for images.
2023-11-13 15:10:01 [INFO]: Stopped searching for images.
2023-11-13 15:11:26 [INFO]: Started searching for images.
2023-11-13 15:11:31 [INFO]: Stopped searching for images.
2023-11-13 15:11:35 [INFO]: Started searching for images.
2023-11-13 15:11:46 [INFO]: Started searching for images.
2023-11-13 15:11:47 [INFO]: Started searching for images.
2023-11-13 15:11:47 [INFO]: Stopped searching for images.
2023-11-13 15:11:48 [INFO]: Started searching for images.
2023-11-13 15:11:48 [INFO]: Stopped searching for images.
