2023-11-14 09:18:25 [INFO]: Started searching for images.
2023-11-14 09:18:25 [INFO]: Przeszukujê folder...
2023-11-14 09:18:25 [INFO]: Sprawdzam plik: test.bmp
2023-11-14 09:18:25 [INFO]: image path: D:\tmp\pictures\test.bmp
2023-11-14 09:18:26 [ERROR]: Error during auto click: 
2023-11-14 09:18:26 [INFO]: Przeszukujê folder...
2023-11-14 09:18:26 [INFO]: Sprawdzam plik: test.bmp
2023-11-14 09:18:26 [INFO]: image path: D:\tmp\pictures\test.bmp
2023-11-14 09:18:26 [ERROR]: Error during auto click: 
2023-11-14 09:18:26 [INFO]: Przeszukujê folder...
2023-11-14 09:18:26 [INFO]: Sprawdzam plik: test.bmp
2023-11-14 09:18:26 [INFO]: image path: D:\tmp\pictures\test.bmp
2023-11-14 09:18:26 [ERROR]: Error during auto click: 
2023-11-14 09:18:26 [INFO]: Przeszukujê folder...
2023-11-14 09:18:26 [INFO]: Sprawdzam plik: test.bmp
2023-11-14 09:18:26 [INFO]: image path: D:\tmp\pictures\test.bmp
2023-11-14 09:18:26 [ERROR]: Error during auto click: 
2023-11-14 09:18:26 [INFO]: Przeszukujê folder...
2023-11-14 09:18:26 [INFO]: Sprawdzam plik: test.bmp
2023-11-14 09:18:26 [INFO]: image path: D:\tmp\pictures\test.bmp
2023-11-14 09:18:26 [ERROR]: Error during auto click: 
2023-11-14 09:18:26 [INFO]: Przeszukujê folder...
2023-11-14 09:18:26 [INFO]: Sprawdzam plik: test.bmp
2023-11-14 09:18:26 [INFO]: image path: D:\tmp\pictures\test.bmp
2023-11-14 09:18:26 [ERROR]: Error during auto click: 
2023-11-14 09:18:26 [INFO]: Przeszukujê folder...
2023-11-14 09:18:26 [INFO]: Sprawdzam plik: test.bmp
2023-11-14 09:18:26 [INFO]: image path: D:\tmp\pictures\test.bmp
2023-11-14 09:18:26 [ERROR]: Error during auto click: 
2023-11-14 09:18:26 [INFO]: Przeszukujê folder...
2023-11-14 09:18:26 [INFO]: Sprawdzam plik: test.bmp
2023-11-14 09:18:26 [INFO]: image path: D:\tmp\pictures\test.bmp
2023-11-14 09:18:26 [ERROR]: Error during auto click: 
2023-11-14 09:18:26 [INFO]: Przeszukujê folder...
2023-11-14 09:18:26 [INFO]: Sprawdzam plik: test.bmp
2023-11-14 09:18:26 [INFO]: image path: D:\tmp\pictures\test.bmp
2023-11-14 09:18:26 [ERROR]: Error during auto click: 
2023-11-14 09:18:26 [INFO]: Przeszukujê folder...
2023-11-14 09:18:26 [INFO]: Sprawdzam plik: test.bmp
2023-11-14 09:18:26 [INFO]: image path: D:\tmp\pictures\test.bmp
2023-11-14 09:18:26 [ERROR]: Error during auto click: 
2023-11-14 09:18:26 [INFO]: Przeszukujê folder...
2023-11-14 09:18:26 [INFO]: Sprawdzam plik: test.bmp
2023-11-14 09:18:26 [INFO]: image path: D:\tmp\pictures\test.bmp
2023-11-14 09:18:27 [ERROR]: Error during auto click: 
2023-11-14 09:18:27 [INFO]: Przeszukujê folder...
2023-11-14 09:18:27 [INFO]: Sprawdzam plik: test.bmp
2023-11-14 09:18:27 [INFO]: image path: D:\tmp\pictures\test.bmp
2023-11-14 09:18:27 [ERROR]: Error during auto click: 
2023-11-14 09:18:27 [INFO]: Przeszukujê folder...
2023-11-14 09:18:27 [INFO]: Sprawdzam plik: test.bmp
2023-11-14 09:18:27 [INFO]: image path: D:\tmp\pictures\test.bmp
2023-11-14 09:18:27 [ERROR]: Error during auto click: 
2023-11-14 09:18:27 [INFO]: Przeszukujê folder...
2023-11-14 09:18:27 [INFO]: Sprawdzam plik: test.bmp
2023-11-14 09:18:27 [INFO]: image path: D:\tmp\pictures\test.bmp
2023-11-14 09:18:27 [ERROR]: Error during auto click: 
2023-11-14 09:18:27 [INFO]: Przeszukujê folder...
2023-11-14 09:18:27 [INFO]: Sprawdzam plik: test.bmp
2023-11-14 09:18:27 [INFO]: image path: D:\tmp\pictures\test.bmp
2023-11-14 09:18:27 [ERROR]: Error during auto click: 
2023-11-14 09:18:27 [INFO]: Przeszukujê folder...
2023-11-14 09:18:27 [INFO]: Sprawdzam plik: test.bmp
2023-11-14 09:18:27 [INFO]: image path: D:\tmp\pictures\test.bmp
2023-11-14 09:18:27 [ERROR]: Error during auto click: 
2023-11-14 09:18:27 [INFO]: Przeszukujê folder...
2023-11-14 09:18:27 [INFO]: Sprawdzam plik: test.bmp
2023-11-14 09:18:27 [INFO]: image path: D:\tmp\pictures\test.bmp
2023-11-14 09:18:27 [ERROR]: Error during auto click: 
2023-11-14 09:18:27 [INFO]: Przeszukujê folder...
2023-11-14 09:18:27 [INFO]: Sprawdzam plik: test.bmp
2023-11-14 09:18:27 [INFO]: image path: D:\tmp\pictures\test.bmp
2023-11-14 09:18:27 [INFO]: Znalazlem plik w lokacji: Box(left=268, top=494, width=73, height=15)
2023-11-14 09:18:27 [INFO]: Clicking on image: test.bmp
2023-11-14 09:18:31 [INFO]: Stopped searching for images.
2023-11-14 09:18:47 [INFO]: Started searching for images.
2023-11-14 09:18:47 [INFO]: Przeszukujê folder...
2023-11-14 09:18:47 [INFO]: Sprawdzam plik: test.bmp
2023-11-14 09:18:47 [INFO]: image path: D:\tmp\pictures\test.bmp
2023-11-14 09:18:47 [ERROR]: Error during auto click: 
2023-11-14 09:18:47 [INFO]: Przeszukujê folder...
2023-11-14 09:18:47 [INFO]: Sprawdzam plik: test.bmp
2023-11-14 09:18:47 [INFO]: image path: D:\tmp\pictures\test.bmp
2023-11-14 09:18:47 [ERROR]: Error during auto click: 
2023-11-14 09:18:47 [INFO]: Przeszukujê folder...
2023-11-14 09:18:47 [INFO]: Sprawdzam plik: test.bmp
2023-11-14 09:18:47 [INFO]: image path: D:\tmp\pictures\test.bmp
2023-11-14 09:18:47 [ERROR]: Error during auto click: 
2023-11-14 09:18:47 [INFO]: Przeszukujê folder...
2023-11-14 09:18:47 [INFO]: Sprawdzam plik: test.bmp
2023-11-14 09:18:47 [INFO]: image path: D:\tmp\pictures\test.bmp
2023-11-14 09:18:48 [ERROR]: Error during auto click: 
2023-11-14 09:18:48 [INFO]: Przeszukujê folder...
2023-11-14 09:18:48 [INFO]: Sprawdzam plik: test.bmp
2023-11-14 09:18:48 [INFO]: image path: D:\tmp\pictures\test.bmp
2023-11-14 09:18:48 [ERROR]: Error during auto click: 
2023-11-14 09:18:48 [INFO]: Przeszukujê folder...
2023-11-14 09:18:48 [INFO]: Sprawdzam plik: test.bmp
2023-11-14 09:18:48 [INFO]: image path: D:\tmp\pictures\test.bmp
2023-11-14 09:18:48 [ERROR]: Error during auto click: 
2023-11-14 09:18:48 [INFO]: Przeszukujê folder...
2023-11-14 09:18:48 [INFO]: Sprawdzam plik: test.bmp
2023-11-14 09:18:48 [INFO]: image path: D:\tmp\pictures\test.bmp
2023-11-14 09:18:48 [ERROR]: Error during auto click: 
2023-11-14 09:18:48 [INFO]: Przeszukujê folder...
2023-11-14 09:18:48 [INFO]: Sprawdzam plik: test.bmp
2023-11-14 09:18:48 [INFO]: image path: D:\tmp\pictures\test.bmp
2023-11-14 09:18:48 [ERROR]: Error during auto click: 
2023-11-14 09:18:48 [INFO]: Przeszukujê folder...
2023-11-14 09:18:48 [INFO]: Sprawdzam plik: test.bmp
2023-11-14 09:18:48 [INFO]: image path: D:\tmp\pictures\test.bmp
2023-11-14 09:18:48 [ERROR]: Error during auto click: 
2023-11-14 09:18:48 [INFO]: Przeszukujê folder...
2023-11-14 09:18:48 [INFO]: Sprawdzam plik: test.bmp
2023-11-14 09:18:48 [INFO]: image path: D:\tmp\pictures\test.bmp
2023-11-14 09:18:48 [ERROR]: Error during auto click: 
2023-11-14 09:18:48 [INFO]: Przeszukujê folder...
2023-11-14 09:18:48 [INFO]: Sprawdzam plik: test.bmp
2023-11-14 09:18:48 [INFO]: image path: D:\tmp\pictures\test.bmp
2023-11-14 09:18:48 [ERROR]: Error during auto click: 
2023-11-14 09:18:48 [INFO]: Przeszukujê folder...
2023-11-14 09:18:48 [INFO]: Sprawdzam plik: test.bmp
2023-11-14 09:18:48 [INFO]: image path: D:\tmp\pictures\test.bmp
2023-11-14 09:18:48 [ERROR]: Error during auto click: 
2023-11-14 09:18:48 [INFO]: Przeszukujê folder...
2023-11-14 09:18:48 [INFO]: Sprawdzam plik: test.bmp
2023-11-14 09:18:48 [INFO]: image path: D:\tmp\pictures\test.bmp
2023-11-14 09:18:48 [ERROR]: Error during auto click: 
2023-11-14 09:18:48 [INFO]: Przeszukujê folder...
2023-11-14 09:18:48 [INFO]: Sprawdzam plik: test.bmp
2023-11-14 09:18:48 [INFO]: image path: D:\tmp\pictures\test.bmp
2023-11-14 09:18:48 [ERROR]: Error during auto click: 
2023-11-14 09:18:48 [INFO]: Przeszukujê folder...
2023-11-14 09:18:48 [INFO]: Sprawdzam plik: test.bmp
2023-11-14 09:18:48 [INFO]: image path: D:\tmp\pictures\test.bmp
2023-11-14 09:18:48 [ERROR]: Error during auto click: 
2023-11-14 09:18:48 [INFO]: Przeszukujê folder...
2023-11-14 09:18:48 [INFO]: Sprawdzam plik: test.bmp
2023-11-14 09:18:48 [INFO]: image path: D:\tmp\pictures\test.bmp
2023-11-14 09:18:49 [ERROR]: Error during auto click: 
2023-11-14 09:18:49 [INFO]: Przeszukujê folder...
2023-11-14 09:18:49 [INFO]: Sprawdzam plik: test.bmp
2023-11-14 09:18:49 [INFO]: image path: D:\tmp\pictures\test.bmp
2023-11-14 09:18:49 [ERROR]: Error during auto click: 
2023-11-14 09:18:49 [INFO]: Przeszukujê folder...
2023-11-14 09:18:49 [INFO]: Sprawdzam plik: test.bmp
2023-11-14 09:18:49 [INFO]: image path: D:\tmp\pictures\test.bmp
2023-11-14 09:18:49 [ERROR]: Error during auto click: 
2023-11-14 09:18:49 [INFO]: Przeszukujê folder...
2023-11-14 09:18:49 [INFO]: Sprawdzam plik: test.bmp
2023-11-14 09:18:49 [INFO]: image path: D:\tmp\pictures\test.bmp
2023-11-14 09:18:49 [ERROR]: Error during auto click: 
2023-11-14 09:18:49 [INFO]: Przeszukujê folder...
2023-11-14 09:18:49 [INFO]: Sprawdzam plik: test.bmp
2023-11-14 09:18:49 [INFO]: image path: D:\tmp\pictures\test.bmp
2023-11-14 09:18:49 [ERROR]: Error during auto click: 
2023-11-14 09:18:49 [INFO]: Przeszukujê folder...
2023-11-14 09:18:49 [INFO]: Sprawdzam plik: test.bmp
2023-11-14 09:18:49 [INFO]: image path: D:\tmp\pictures\test.bmp
2023-11-14 09:18:49 [ERROR]: Error during auto click: 
2023-11-14 09:18:49 [INFO]: Przeszukujê folder...
2023-11-14 09:18:49 [INFO]: Sprawdzam plik: test.bmp
2023-11-14 09:18:49 [INFO]: image path: D:\tmp\pictures\test.bmp
2023-11-14 09:18:49 [ERROR]: Error during auto click: 
2023-11-14 09:18:49 [INFO]: Przeszukujê folder...
2023-11-14 09:18:49 [INFO]: Sprawdzam plik: test.bmp
2023-11-14 09:18:49 [INFO]: image path: D:\tmp\pictures\test.bmp
2023-11-14 09:18:49 [ERROR]: Error during auto click: 
2023-11-14 09:18:49 [INFO]: Przeszukujê folder...
2023-11-14 09:18:49 [INFO]: Sprawdzam plik: test.bmp
2023-11-14 09:18:49 [INFO]: image path: D:\tmp\pictures\test.bmp
2023-11-14 09:18:49 [ERROR]: Error during auto click: 
2023-11-14 09:18:49 [INFO]: Przeszukujê folder...
2023-11-14 09:18:49 [INFO]: Sprawdzam plik: test.bmp
2023-11-14 09:18:49 [INFO]: image path: D:\tmp\pictures\test.bmp
2023-11-14 09:18:49 [ERROR]: Error during auto click: 
2023-11-14 09:18:49 [INFO]: Przeszukujê folder...
2023-11-14 09:18:49 [INFO]: Sprawdzam plik: test.bmp
2023-11-14 09:18:49 [INFO]: image path: D:\tmp\pictures\test.bmp
2023-11-14 09:18:49 [ERROR]: Error during auto click: 
2023-11-14 09:18:49 [INFO]: Przeszukujê folder...
2023-11-14 09:18:49 [INFO]: Sprawdzam plik: test.bmp
2023-11-14 09:18:49 [INFO]: image path: D:\tmp\pictures\test.bmp
2023-11-14 09:18:49 [ERROR]: Error during auto click: 
2023-11-14 09:18:49 [INFO]: Przeszukujê folder...
2023-11-14 09:18:49 [INFO]: Sprawdzam plik: test.bmp
2023-11-14 09:18:49 [INFO]: image path: D:\tmp\pictures\test.bmp
2023-11-14 09:18:50 [ERROR]: Error during auto click: 
2023-11-14 09:18:50 [INFO]: Przeszukujê folder...
2023-11-14 09:18:50 [INFO]: Sprawdzam plik: test.bmp
2023-11-14 09:18:50 [INFO]: image path: D:\tmp\pictures\test.bmp
2023-11-14 09:18:50 [ERROR]: Error during auto click: 
2023-11-14 09:18:50 [INFO]: Przeszukujê folder...
2023-11-14 09:18:50 [INFO]: Sprawdzam plik: test.bmp
2023-11-14 09:18:50 [INFO]: image path: D:\tmp\pictures\test.bmp
2023-11-14 09:18:50 [ERROR]: Error during auto click: 
2023-11-14 09:18:50 [INFO]: Przeszukujê folder...
2023-11-14 09:18:50 [INFO]: Sprawdzam plik: test.bmp
2023-11-14 09:18:50 [INFO]: image path: D:\tmp\pictures\test.bmp
2023-11-14 09:18:50 [ERROR]: Error during auto click: 
2023-11-14 09:18:50 [INFO]: Przeszukujê folder...
2023-11-14 09:18:50 [INFO]: Sprawdzam plik: test.bmp
2023-11-14 09:18:50 [INFO]: image path: D:\tmp\pictures\test.bmp
2023-11-14 09:18:50 [ERROR]: Error during auto click: 
2023-11-14 09:18:50 [INFO]: Przeszukujê folder...
2023-11-14 09:18:50 [INFO]: Sprawdzam plik: test.bmp
2023-11-14 09:18:50 [INFO]: image path: D:\tmp\pictures\test.bmp
2023-11-14 09:18:50 [ERROR]: Error during auto click: 
2023-11-14 09:18:50 [INFO]: Przeszukujê folder...
2023-11-14 09:18:50 [INFO]: Sprawdzam plik: test.bmp
2023-11-14 09:18:50 [INFO]: image path: D:\tmp\pictures\test.bmp
2023-11-14 09:18:50 [ERROR]: Error during auto click: 
2023-11-14 09:18:50 [INFO]: Przeszukujê folder...
2023-11-14 09:18:50 [INFO]: Sprawdzam plik: test.bmp
2023-11-14 09:18:50 [INFO]: image path: D:\tmp\pictures\test.bmp
2023-11-14 09:18:50 [ERROR]: Error during auto click: 
2023-11-14 09:18:50 [INFO]: Przeszukujê folder...
2023-11-14 09:18:50 [INFO]: Sprawdzam plik: test.bmp
2023-11-14 09:18:50 [INFO]: image path: D:\tmp\pictures\test.bmp
2023-11-14 09:18:50 [ERROR]: Error during auto click: 
2023-11-14 09:18:50 [INFO]: Przeszukujê folder...
2023-11-14 09:18:50 [INFO]: Sprawdzam plik: test.bmp
2023-11-14 09:18:50 [INFO]: image path: D:\tmp\pictures\test.bmp
2023-11-14 09:18:50 [ERROR]: Error during auto click: 
2023-11-14 09:18:50 [INFO]: Przeszukujê folder...
2023-11-14 09:18:50 [INFO]: Sprawdzam plik: test.bmp
2023-11-14 09:18:50 [INFO]: image path: D:\tmp\pictures\test.bmp
2023-11-14 09:18:50 [ERROR]: Error during auto click: 
2023-11-14 09:18:50 [INFO]: Przeszukujê folder...
2023-11-14 09:18:50 [INFO]: Sprawdzam plik: test.bmp
2023-11-14 09:18:50 [INFO]: image path: D:\tmp\pictures\test.bmp
2023-11-14 09:18:51 [ERROR]: Error during auto click: 
2023-11-14 09:18:51 [INFO]: Przeszukujê folder...
2023-11-14 09:18:51 [INFO]: Sprawdzam plik: test.bmp
2023-11-14 09:18:51 [INFO]: image path: D:\tmp\pictures\test.bmp
2023-11-14 09:18:51 [ERROR]: Error during auto click: 
2023-11-14 09:18:51 [INFO]: Przeszukujê folder...
2023-11-14 09:18:51 [INFO]: Sprawdzam plik: test.bmp
2023-11-14 09:18:51 [INFO]: image path: D:\tmp\pictures\test.bmp
2023-11-14 09:18:51 [ERROR]: Error during auto click: 
2023-11-14 09:18:51 [INFO]: Przeszukujê folder...
2023-11-14 09:18:51 [INFO]: Sprawdzam plik: test.bmp
2023-11-14 09:18:51 [INFO]: image path: D:\tmp\pictures\test.bmp
2023-11-14 09:18:51 [ERROR]: Error during auto click: 
2023-11-14 09:18:51 [INFO]: Przeszukujê folder...
2023-11-14 09:18:51 [INFO]: Sprawdzam plik: test.bmp
2023-11-14 09:18:51 [INFO]: image path: D:\tmp\pictures\test.bmp
2023-11-14 09:18:51 [ERROR]: Error during auto click: 
2023-11-14 09:18:51 [INFO]: Przeszukujê folder...
2023-11-14 09:18:51 [INFO]: Sprawdzam plik: test.bmp
2023-11-14 09:18:51 [INFO]: image path: D:\tmp\pictures\test.bmp
2023-11-14 09:18:51 [ERROR]: Error during auto click: 
2023-11-14 09:18:51 [INFO]: Przeszukujê folder...
2023-11-14 09:18:51 [INFO]: Sprawdzam plik: test.bmp
2023-11-14 09:18:51 [INFO]: image path: D:\tmp\pictures\test.bmp
2023-11-14 09:18:51 [ERROR]: Error during auto click: 
2023-11-14 09:18:51 [INFO]: Przeszukujê folder...
2023-11-14 09:18:51 [INFO]: Sprawdzam plik: test.bmp
2023-11-14 09:18:51 [INFO]: image path: D:\tmp\pictures\test.bmp
2023-11-14 09:18:51 [ERROR]: Error during auto click: 
2023-11-14 09:18:51 [INFO]: Przeszukujê folder...
2023-11-14 09:18:51 [INFO]: Sprawdzam plik: test.bmp
2023-11-14 09:18:51 [INFO]: image path: D:\tmp\pictures\test.bmp
2023-11-14 09:18:51 [ERROR]: Error during auto click: 
2023-11-14 09:18:51 [INFO]: Przeszukujê folder...
2023-11-14 09:18:51 [INFO]: Sprawdzam plik: test.bmp
2023-11-14 09:18:51 [INFO]: image path: D:\tmp\pictures\test.bmp
2023-11-14 09:18:51 [ERROR]: Error during auto click: 
2023-11-14 09:18:51 [INFO]: Przeszukujê folder...
2023-11-14 09:18:51 [INFO]: Sprawdzam plik: test.bmp
2023-11-14 09:18:51 [INFO]: image path: D:\tmp\pictures\test.bmp
2023-11-14 09:18:51 [ERROR]: Error during auto click: 
2023-11-14 09:18:51 [INFO]: Przeszukujê folder...
2023-11-14 09:18:51 [INFO]: Sprawdzam plik: test.bmp
2023-11-14 09:18:51 [INFO]: image path: D:\tmp\pictures\test.bmp
2023-11-14 09:18:52 [ERROR]: Error during auto click: 
2023-11-14 09:18:52 [INFO]: Przeszukujê folder...
2023-11-14 09:18:52 [INFO]: Sprawdzam plik: test.bmp
2023-11-14 09:18:52 [INFO]: image path: D:\tmp\pictures\test.bmp
2023-11-14 09:18:52 [INFO]: Znalazlem plik w lokacji: Box(left=248, top=290, width=73, height=15)
2023-11-14 09:18:52 [INFO]: Clicking on image: test.bmp
2023-11-14 09:18:57 [INFO]: Przeszukujê folder...
2023-11-14 09:18:57 [INFO]: Sprawdzam plik: test.bmp
2023-11-14 09:18:57 [INFO]: image path: D:\tmp\pictures\test.bmp
2023-11-14 09:18:57 [ERROR]: Error during auto click: 
2023-11-14 09:18:57 [INFO]: Przeszukujê folder...
2023-11-14 09:18:57 [INFO]: Sprawdzam plik: test.bmp
2023-11-14 09:18:57 [INFO]: image path: D:\tmp\pictures\test.bmp
2023-11-14 09:18:57 [ERROR]: Error during auto click: 
2023-11-14 09:18:57 [INFO]: Przeszukujê folder...
2023-11-14 09:18:57 [INFO]: Sprawdzam plik: test.bmp
2023-11-14 09:18:57 [INFO]: image path: D:\tmp\pictures\test.bmp
2023-11-14 09:18:57 [ERROR]: Error during auto click: 
2023-11-14 09:18:57 [INFO]: Przeszukujê folder...
2023-11-14 09:18:57 [INFO]: Sprawdzam plik: test.bmp
2023-11-14 09:18:57 [INFO]: image path: D:\tmp\pictures\test.bmp
2023-11-14 09:18:57 [INFO]: Znalazlem plik w lokacji: Box(left=248, top=290, width=73, height=15)
2023-11-14 09:18:57 [INFO]: Clicking on image: test.bmp
2023-11-14 09:19:02 [INFO]: Przeszukujê folder...
2023-11-14 09:19:02 [INFO]: Sprawdzam plik: test.bmp
2023-11-14 09:19:02 [INFO]: image path: D:\tmp\pictures\test.bmp
2023-11-14 09:19:02 [ERROR]: Error during auto click: 
2023-11-14 09:19:02 [INFO]: Przeszukujê folder...
2023-11-14 09:19:02 [INFO]: Sprawdzam plik: test.bmp
2023-11-14 09:19:02 [INFO]: image path: D:\tmp\pictures\test.bmp
2023-11-14 09:19:02 [ERROR]: Error during auto click: 
2023-11-14 09:19:02 [INFO]: Przeszukujê folder...
2023-11-14 09:19:02 [INFO]: Sprawdzam plik: test.bmp
2023-11-14 09:19:02 [INFO]: image path: D:\tmp\pictures\test.bmp
2023-11-14 09:19:02 [ERROR]: Error during auto click: 
2023-11-14 09:19:02 [INFO]: Przeszukujê folder...
2023-11-14 09:19:02 [INFO]: Sprawdzam plik: test.bmp
2023-11-14 09:19:02 [INFO]: image path: D:\tmp\pictures\test.bmp
2023-11-14 09:19:03 [ERROR]: Error during auto click: 
2023-11-14 09:19:03 [INFO]: Przeszukujê folder...
2023-11-14 09:19:03 [INFO]: Sprawdzam plik: test.bmp
2023-11-14 09:19:03 [INFO]: image path: D:\tmp\pictures\test.bmp
2023-11-14 09:19:03 [ERROR]: Error during auto click: 
2023-11-14 09:19:03 [INFO]: Przeszukujê folder...
2023-11-14 09:19:03 [INFO]: Sprawdzam plik: test.bmp
2023-11-14 09:19:03 [INFO]: image path: D:\tmp\pictures\test.bmp
2023-11-14 09:19:03 [ERROR]: Error during auto click: 
2023-11-14 09:19:03 [INFO]: Przeszukujê folder...
2023-11-14 09:19:03 [INFO]: Sprawdzam plik: test.bmp
2023-11-14 09:19:03 [INFO]: image path: D:\tmp\pictures\test.bmp
2023-11-14 09:19:03 [ERROR]: Error during auto click: 
2023-11-14 09:19:03 [INFO]: Przeszukujê folder...
2023-11-14 09:19:03 [INFO]: Sprawdzam plik: test.bmp
2023-11-14 09:19:03 [INFO]: image path: D:\tmp\pictures\test.bmp
2023-11-14 09:19:03 [ERROR]: Error during auto click: 
2023-11-14 09:19:03 [INFO]: Przeszukujê folder...
2023-11-14 09:19:03 [INFO]: Sprawdzam plik: test.bmp
2023-11-14 09:19:03 [INFO]: image path: D:\tmp\pictures\test.bmp
2023-11-14 09:19:03 [ERROR]: Error during auto click: 
2023-11-14 09:19:03 [INFO]: Przeszukujê folder...
2023-11-14 09:19:03 [INFO]: Sprawdzam plik: test.bmp
2023-11-14 09:19:03 [INFO]: image path: D:\tmp\pictures\test.bmp
2023-11-14 09:19:03 [ERROR]: Error during auto click: 
2023-11-14 09:19:03 [INFO]: Przeszukujê folder...
2023-11-14 09:19:03 [INFO]: Sprawdzam plik: test.bmp
2023-11-14 09:19:03 [INFO]: image path: D:\tmp\pictures\test.bmp
2023-11-14 09:19:03 [ERROR]: Error during auto click: 
2023-11-14 09:19:03 [INFO]: Przeszukujê folder...
2023-11-14 09:19:03 [INFO]: Sprawdzam plik: test.bmp
2023-11-14 09:19:03 [INFO]: image path: D:\tmp\pictures\test.bmp
2023-11-14 09:19:03 [ERROR]: Error during auto click: 
2023-11-14 09:19:03 [INFO]: Przeszukujê folder...
2023-11-14 09:19:03 [INFO]: Sprawdzam plik: test.bmp
2023-11-14 09:19:03 [INFO]: image path: D:\tmp\pictures\test.bmp
2023-11-14 09:19:03 [INFO]: Znalazlem plik w lokacji: Box(left=248, top=298, width=73, height=15)
2023-11-14 09:19:03 [INFO]: Clicking on image: test.bmp
2023-11-14 09:19:08 [INFO]: Przeszukujê folder...
2023-11-14 09:19:08 [INFO]: Sprawdzam plik: test.bmp
2023-11-14 09:19:08 [INFO]: image path: D:\tmp\pictures\test.bmp
2023-11-14 09:19:08 [ERROR]: Error during auto click: 
2023-11-14 09:19:08 [INFO]: Przeszukujê folder...
2023-11-14 09:19:08 [INFO]: Sprawdzam plik: test.bmp
2023-11-14 09:19:08 [INFO]: image path: D:\tmp\pictures\test.bmp
2023-11-14 09:19:09 [ERROR]: Error during auto click: 
2023-11-14 09:19:09 [INFO]: Przeszukujê folder...
2023-11-14 09:19:09 [INFO]: Sprawdzam plik: test.bmp
2023-11-14 09:19:09 [INFO]: image path: D:\tmp\pictures\test.bmp
2023-11-14 09:19:09 [ERROR]: Error during auto click: 
2023-11-14 09:19:09 [INFO]: Przeszukujê folder...
2023-11-14 09:19:09 [INFO]: Sprawdzam plik: test.bmp
2023-11-14 09:19:09 [INFO]: image path: D:\tmp\pictures\test.bmp
2023-11-14 09:19:09 [ERROR]: Error during auto click: 
2023-11-14 09:19:09 [INFO]: Przeszukujê folder...
2023-11-14 09:19:09 [INFO]: Sprawdzam plik: test.bmp
2023-11-14 09:19:09 [INFO]: image path: D:\tmp\pictures\test.bmp
2023-11-14 09:19:09 [ERROR]: Error during auto click: 
2023-11-14 09:19:09 [INFO]: Przeszukujê folder...
2023-11-14 09:19:09 [INFO]: Sprawdzam plik: test.bmp
2023-11-14 09:19:09 [INFO]: image path: D:\tmp\pictures\test.bmp
2023-11-14 09:19:09 [ERROR]: Error during auto click: 
2023-11-14 09:19:09 [INFO]: Przeszukujê folder...
2023-11-14 09:19:09 [INFO]: Sprawdzam plik: test.bmp
2023-11-14 09:19:09 [INFO]: image path: D:\tmp\pictures\test.bmp
2023-11-14 09:19:09 [ERROR]: Error during auto click: 
2023-11-14 09:19:09 [INFO]: Przeszukujê folder...
2023-11-14 09:19:09 [INFO]: Sprawdzam plik: test.bmp
2023-11-14 09:19:09 [INFO]: image path: D:\tmp\pictures\test.bmp
2023-11-14 09:19:09 [ERROR]: Error during auto click: 
2023-11-14 09:19:09 [INFO]: Przeszukujê folder...
2023-11-14 09:19:09 [INFO]: Sprawdzam plik: test.bmp
2023-11-14 09:19:09 [INFO]: image path: D:\tmp\pictures\test.bmp
2023-11-14 09:19:09 [ERROR]: Error during auto click: 
2023-11-14 09:19:09 [INFO]: Przeszukujê folder...
2023-11-14 09:19:09 [INFO]: Sprawdzam plik: test.bmp
2023-11-14 09:19:09 [INFO]: image path: D:\tmp\pictures\test.bmp
2023-11-14 09:19:09 [ERROR]: Error during auto click: 
2023-11-14 09:19:09 [INFO]: Przeszukujê folder...
2023-11-14 09:19:09 [INFO]: Sprawdzam plik: test.bmp
2023-11-14 09:19:09 [INFO]: image path: D:\tmp\pictures\test.bmp
2023-11-14 09:19:09 [ERROR]: Error during auto click: 
2023-11-14 09:19:09 [INFO]: Przeszukujê folder...
2023-11-14 09:19:09 [INFO]: Sprawdzam plik: test.bmp
2023-11-14 09:19:09 [INFO]: image path: D:\tmp\pictures\test.bmp
2023-11-14 09:19:09 [ERROR]: Error during auto click: 
2023-11-14 09:19:09 [INFO]: Przeszukujê folder...
2023-11-14 09:19:09 [INFO]: Sprawdzam plik: test.bmp
2023-11-14 09:19:09 [INFO]: image path: D:\tmp\pictures\test.bmp
2023-11-14 09:19:09 [ERROR]: Error during auto click: 
2023-11-14 09:19:09 [INFO]: Przeszukujê folder...
2023-11-14 09:19:09 [INFO]: Sprawdzam plik: test.bmp
2023-11-14 09:19:09 [INFO]: image path: D:\tmp\pictures\test.bmp
2023-11-14 09:19:10 [ERROR]: Error during auto click: 
2023-11-14 09:19:10 [INFO]: Przeszukujê folder...
2023-11-14 09:19:10 [INFO]: Sprawdzam plik: test.bmp
2023-11-14 09:19:10 [INFO]: image path: D:\tmp\pictures\test.bmp
2023-11-14 09:19:10 [ERROR]: Error during auto click: 
2023-11-14 09:19:10 [INFO]: Przeszukujê folder...
2023-11-14 09:19:10 [INFO]: Sprawdzam plik: test.bmp
2023-11-14 09:19:10 [INFO]: image path: D:\tmp\pictures\test.bmp
2023-11-14 09:19:10 [ERROR]: Error during auto click: 
2023-11-14 09:19:10 [INFO]: Przeszukujê folder...
2023-11-14 09:19:10 [INFO]: Sprawdzam plik: test.bmp
2023-11-14 09:19:10 [INFO]: image path: D:\tmp\pictures\test.bmp
2023-11-14 09:19:10 [ERROR]: Error during auto click: 
2023-11-14 09:19:10 [INFO]: Przeszukujê folder...
2023-11-14 09:19:10 [INFO]: Sprawdzam plik: test.bmp
2023-11-14 09:19:10 [INFO]: image path: D:\tmp\pictures\test.bmp
2023-11-14 09:19:10 [ERROR]: Error during auto click: 
2023-11-14 09:19:10 [INFO]: Przeszukujê folder...
2023-11-14 09:19:10 [INFO]: Sprawdzam plik: test.bmp
2023-11-14 09:19:10 [INFO]: image path: D:\tmp\pictures\test.bmp
2023-11-14 09:19:10 [ERROR]: Error during auto click: 
2023-11-14 09:19:10 [INFO]: Przeszukujê folder...
2023-11-14 09:19:10 [INFO]: Sprawdzam plik: test.bmp
2023-11-14 09:19:10 [INFO]: image path: D:\tmp\pictures\test.bmp
2023-11-14 09:19:10 [ERROR]: Error during auto click: 
2023-11-14 09:19:10 [INFO]: Przeszukujê folder...
2023-11-14 09:19:10 [INFO]: Sprawdzam plik: test.bmp
2023-11-14 09:19:10 [INFO]: image path: D:\tmp\pictures\test.bmp
2023-11-14 09:19:10 [ERROR]: Error during auto click: 
2023-11-14 09:19:10 [INFO]: Przeszukujê folder...
2023-11-14 09:19:10 [INFO]: Sprawdzam plik: test.bmp
2023-11-14 09:19:10 [INFO]: image path: D:\tmp\pictures\test.bmp
2023-11-14 09:19:10 [ERROR]: Error during auto click: 
2023-11-14 09:19:10 [INFO]: Przeszukujê folder...
2023-11-14 09:19:10 [INFO]: Sprawdzam plik: test.bmp
2023-11-14 09:19:10 [INFO]: image path: D:\tmp\pictures\test.bmp
2023-11-14 09:19:10 [ERROR]: Error during auto click: 
2023-11-14 09:19:10 [INFO]: Przeszukujê folder...
2023-11-14 09:19:10 [INFO]: Sprawdzam plik: test.bmp
2023-11-14 09:19:10 [INFO]: image path: D:\tmp\pictures\test.bmp
2023-11-14 09:19:10 [ERROR]: Error during auto click: 
2023-11-14 09:19:10 [INFO]: Przeszukujê folder...
2023-11-14 09:19:10 [INFO]: Sprawdzam plik: test.bmp
2023-11-14 09:19:10 [INFO]: image path: D:\tmp\pictures\test.bmp
2023-11-14 09:19:10 [ERROR]: Error during auto click: 
2023-11-14 09:19:10 [INFO]: Przeszukujê folder...
2023-11-14 09:19:10 [INFO]: Sprawdzam plik: test.bmp
2023-11-14 09:19:10 [INFO]: image path: D:\tmp\pictures\test.bmp
2023-11-14 09:19:11 [ERROR]: Error during auto click: 
2023-11-14 09:19:11 [INFO]: Przeszukujê folder...
2023-11-14 09:19:11 [INFO]: Sprawdzam plik: test.bmp
2023-11-14 09:19:11 [INFO]: image path: D:\tmp\pictures\test.bmp
2023-11-14 09:19:11 [ERROR]: Error during auto click: 
2023-11-14 09:19:11 [INFO]: Przeszukujê folder...
2023-11-14 09:19:11 [INFO]: Sprawdzam plik: test.bmp
2023-11-14 09:19:11 [INFO]: image path: D:\tmp\pictures\test.bmp
2023-11-14 09:19:11 [ERROR]: Error during auto click: 
2023-11-14 09:19:11 [INFO]: Przeszukujê folder...
2023-11-14 09:19:11 [INFO]: Sprawdzam plik: test.bmp
2023-11-14 09:19:11 [INFO]: image path: D:\tmp\pictures\test.bmp
2023-11-14 09:19:11 [ERROR]: Error during auto click: 
2023-11-14 09:19:11 [INFO]: Przeszukujê folder...
2023-11-14 09:19:11 [INFO]: Sprawdzam plik: test.bmp
2023-11-14 09:19:11 [INFO]: image path: D:\tmp\pictures\test.bmp
2023-11-14 09:19:11 [ERROR]: Error during auto click: 
2023-11-14 09:19:11 [INFO]: Przeszukujê folder...
2023-11-14 09:19:11 [INFO]: Sprawdzam plik: test.bmp
2023-11-14 09:19:11 [INFO]: image path: D:\tmp\pictures\test.bmp
2023-11-14 09:19:11 [ERROR]: Error during auto click: 
2023-11-14 09:19:11 [INFO]: Przeszukujê folder...
2023-11-14 09:19:11 [INFO]: Sprawdzam plik: test.bmp
2023-11-14 09:19:11 [INFO]: image path: D:\tmp\pictures\test.bmp
2023-11-14 09:19:11 [ERROR]: Error during auto click: 
2023-11-14 09:19:11 [INFO]: Przeszukujê folder...
2023-11-14 09:19:11 [INFO]: Sprawdzam plik: test.bmp
2023-11-14 09:19:11 [INFO]: image path: D:\tmp\pictures\test.bmp
2023-11-14 09:19:11 [ERROR]: Error during auto click: 
2023-11-14 09:19:11 [INFO]: Przeszukujê folder...
2023-11-14 09:19:11 [INFO]: Sprawdzam plik: test.bmp
2023-11-14 09:19:11 [INFO]: image path: D:\tmp\pictures\test.bmp
2023-11-14 09:19:11 [ERROR]: Error during auto click: 
2023-11-14 09:19:11 [INFO]: Przeszukujê folder...
2023-11-14 09:19:11 [INFO]: Sprawdzam plik: test.bmp
2023-11-14 09:19:11 [INFO]: image path: D:\tmp\pictures\test.bmp
2023-11-14 09:19:11 [ERROR]: Error during auto click: 
2023-11-14 09:19:11 [INFO]: Przeszukujê folder...
2023-11-14 09:19:11 [INFO]: Sprawdzam plik: test.bmp
2023-11-14 09:19:11 [INFO]: image path: D:\tmp\pictures\test.bmp
2023-11-14 09:19:11 [ERROR]: Error during auto click: 
2023-11-14 09:19:11 [INFO]: Przeszukujê folder...
2023-11-14 09:19:11 [INFO]: Sprawdzam plik: test.bmp
2023-11-14 09:19:11 [INFO]: image path: D:\tmp\pictures\test.bmp
2023-11-14 09:19:12 [ERROR]: Error during auto click: 
2023-11-14 09:19:12 [INFO]: Przeszukujê folder...
2023-11-14 09:19:12 [INFO]: Sprawdzam plik: test.bmp
2023-11-14 09:19:12 [INFO]: image path: D:\tmp\pictures\test.bmp
2023-11-14 09:19:12 [INFO]: Znalazlem plik w lokacji: Box(left=248, top=290, width=73, height=15)
2023-11-14 09:19:12 [INFO]: Clicking on image: test.bmp
2023-11-14 09:19:17 [INFO]: Przeszukujê folder...
2023-11-14 09:19:17 [INFO]: Sprawdzam plik: test.bmp
2023-11-14 09:19:17 [INFO]: image path: D:\tmp\pictures\test.bmp
2023-11-14 09:19:17 [ERROR]: Error during auto click: 
2023-11-14 09:19:17 [INFO]: Przeszukujê folder...
2023-11-14 09:19:17 [INFO]: Sprawdzam plik: test.bmp
2023-11-14 09:19:17 [INFO]: image path: D:\tmp\pictures\test.bmp
2023-11-14 09:19:17 [ERROR]: Error during auto click: 
2023-11-14 09:19:17 [INFO]: Przeszukujê folder...
2023-11-14 09:19:17 [INFO]: Sprawdzam plik: test.bmp
2023-11-14 09:19:17 [INFO]: image path: D:\tmp\pictures\test.bmp
2023-11-14 09:19:17 [ERROR]: Error during auto click: 
2023-11-14 09:19:17 [INFO]: Przeszukujê folder...
2023-11-14 09:19:17 [INFO]: Sprawdzam plik: test.bmp
2023-11-14 09:19:17 [INFO]: image path: D:\tmp\pictures\test.bmp
2023-11-14 09:19:17 [ERROR]: Error during auto click: 
2023-11-14 09:19:17 [INFO]: Przeszukujê folder...
2023-11-14 09:19:17 [INFO]: Sprawdzam plik: test.bmp
2023-11-14 09:19:17 [INFO]: image path: D:\tmp\pictures\test.bmp
2023-11-14 09:19:17 [ERROR]: Error during auto click: 
2023-11-14 09:19:17 [INFO]: Przeszukujê folder...
2023-11-14 09:19:17 [INFO]: Sprawdzam plik: test.bmp
2023-11-14 09:19:17 [INFO]: image path: D:\tmp\pictures\test.bmp
2023-11-14 09:19:17 [ERROR]: Error during auto click: 
2023-11-14 09:19:17 [INFO]: Przeszukujê folder...
2023-11-14 09:19:17 [INFO]: Sprawdzam plik: test.bmp
2023-11-14 09:19:17 [INFO]: image path: D:\tmp\pictures\test.bmp
2023-11-14 09:19:17 [ERROR]: Error during auto click: 
2023-11-14 09:19:17 [INFO]: Przeszukujê folder...
2023-11-14 09:19:17 [INFO]: Sprawdzam plik: test.bmp
2023-11-14 09:19:17 [INFO]: image path: D:\tmp\pictures\test.bmp
2023-11-14 09:19:17 [ERROR]: Error during auto click: 
2023-11-14 09:19:17 [INFO]: Przeszukujê folder...
2023-11-14 09:19:17 [INFO]: Sprawdzam plik: test.bmp
2023-11-14 09:19:17 [INFO]: image path: D:\tmp\pictures\test.bmp
2023-11-14 09:19:17 [ERROR]: Error during auto click: 
2023-11-14 09:19:17 [INFO]: Przeszukujê folder...
2023-11-14 09:19:17 [INFO]: Sprawdzam plik: test.bmp
2023-11-14 09:19:17 [INFO]: image path: D:\tmp\pictures\test.bmp
2023-11-14 09:19:18 [ERROR]: Error during auto click: 
2023-11-14 09:19:18 [INFO]: Przeszukujê folder...
2023-11-14 09:19:18 [INFO]: Sprawdzam plik: test.bmp
2023-11-14 09:19:18 [INFO]: image path: D:\tmp\pictures\test.bmp
2023-11-14 09:19:18 [ERROR]: Error during auto click: 
2023-11-14 09:19:18 [INFO]: Przeszukujê folder...
2023-11-14 09:19:18 [INFO]: Sprawdzam plik: test.bmp
2023-11-14 09:19:18 [INFO]: image path: D:\tmp\pictures\test.bmp
2023-11-14 09:19:18 [ERROR]: Error during auto click: 
2023-11-14 09:19:18 [INFO]: Przeszukujê folder...
2023-11-14 09:19:18 [INFO]: Sprawdzam plik: test.bmp
2023-11-14 09:19:18 [INFO]: image path: D:\tmp\pictures\test.bmp
2023-11-14 09:19:18 [ERROR]: Error during auto click: 
2023-11-14 09:19:18 [INFO]: Przeszukujê folder...
2023-11-14 09:19:18 [INFO]: Sprawdzam plik: test.bmp
2023-11-14 09:19:18 [INFO]: image path: D:\tmp\pictures\test.bmp
2023-11-14 09:19:18 [INFO]: Znalazlem plik w lokacji: Box(left=268, top=494, width=73, height=15)
2023-11-14 09:19:18 [INFO]: Clicking on image: test.bmp
2023-11-14 09:19:23 [INFO]: Przeszukujê folder...
2023-11-14 09:19:23 [INFO]: Sprawdzam plik: test.bmp
2023-11-14 09:19:23 [INFO]: image path: D:\tmp\pictures\test.bmp
2023-11-14 09:19:23 [INFO]: Znalazlem plik w lokacji: Box(left=248, top=290, width=73, height=15)
2023-11-14 09:19:23 [INFO]: Clicking on image: test.bmp
2023-11-14 09:19:28 [INFO]: Przeszukujê folder...
2023-11-14 09:19:28 [INFO]: Sprawdzam plik: test.bmp
2023-11-14 09:19:28 [INFO]: image path: D:\tmp\pictures\test.bmp
2023-11-14 09:19:28 [INFO]: Znalazlem plik w lokacji: Box(left=248, top=290, width=73, height=15)
2023-11-14 09:19:28 [INFO]: Clicking on image: test.bmp
2023-11-14 09:19:30 [INFO]: Stopped searching for images.
2023-11-14 09:22:42 [INFO]: Started searching for images.
2023-11-14 09:22:42 [INFO]: Przeszukujê folder...
2023-11-14 09:22:42 [INFO]: Sprawdzam plik: test.bmp
2023-11-14 09:22:42 [INFO]: image path: D:\tmp\pictures\test.bmp
2023-11-14 09:22:42 [ERROR]: Error during auto click: 
2023-11-14 09:22:42 [INFO]: Przeszukujê folder...
2023-11-14 09:22:42 [INFO]: Sprawdzam plik: test.bmp
2023-11-14 09:22:42 [INFO]: image path: D:\tmp\pictures\test.bmp
2023-11-14 09:22:42 [ERROR]: Error during auto click: 
2023-11-14 09:22:42 [INFO]: Przeszukujê folder...
2023-11-14 09:22:42 [INFO]: Sprawdzam plik: test.bmp
2023-11-14 09:22:42 [INFO]: image path: D:\tmp\pictures\test.bmp
2023-11-14 09:22:42 [ERROR]: Error during auto click: 
2023-11-14 09:22:42 [INFO]: Przeszukujê folder...
2023-11-14 09:22:42 [INFO]: Sprawdzam plik: test.bmp
2023-11-14 09:22:42 [INFO]: image path: D:\tmp\pictures\test.bmp
2023-11-14 09:22:42 [ERROR]: Error during auto click: 
2023-11-14 09:22:42 [INFO]: Przeszukujê folder...
2023-11-14 09:22:42 [INFO]: Sprawdzam plik: test.bmp
2023-11-14 09:22:42 [INFO]: image path: D:\tmp\pictures\test.bmp
2023-11-14 09:22:42 [ERROR]: Error during auto click: 
2023-11-14 09:22:42 [INFO]: Przeszukujê folder...
2023-11-14 09:22:42 [INFO]: Sprawdzam plik: test.bmp
2023-11-14 09:22:42 [INFO]: image path: D:\tmp\pictures\test.bmp
2023-11-14 09:22:42 [ERROR]: Error during auto click: 
2023-11-14 09:22:42 [INFO]: Przeszukujê folder...
2023-11-14 09:22:42 [INFO]: Sprawdzam plik: test.bmp
2023-11-14 09:22:42 [INFO]: image path: D:\tmp\pictures\test.bmp
2023-11-14 09:22:42 [ERROR]: Error during auto click: 
2023-11-14 09:22:42 [INFO]: Przeszukujê folder...
2023-11-14 09:22:42 [INFO]: Sprawdzam plik: test.bmp
2023-11-14 09:22:42 [INFO]: image path: D:\tmp\pictures\test.bmp
2023-11-14 09:22:43 [ERROR]: Error during auto click: 
2023-11-14 09:22:43 [INFO]: Przeszukujê folder...
2023-11-14 09:22:43 [INFO]: Sprawdzam plik: test.bmp
2023-11-14 09:22:43 [INFO]: image path: D:\tmp\pictures\test.bmp
2023-11-14 09:22:43 [ERROR]: Error during auto click: 
2023-11-14 09:22:43 [INFO]: Przeszukujê folder...
2023-11-14 09:22:43 [INFO]: Sprawdzam plik: test.bmp
2023-11-14 09:22:43 [INFO]: image path: D:\tmp\pictures\test.bmp
2023-11-14 09:22:43 [ERROR]: Error during auto click: 
2023-11-14 09:22:43 [INFO]: Przeszukujê folder...
2023-11-14 09:22:43 [INFO]: Sprawdzam plik: test.bmp
2023-11-14 09:22:43 [INFO]: image path: D:\tmp\pictures\test.bmp
2023-11-14 09:22:43 [ERROR]: Error during auto click: 
2023-11-14 09:22:43 [INFO]: Przeszukujê folder...
2023-11-14 09:22:43 [INFO]: Sprawdzam plik: test.bmp
2023-11-14 09:22:43 [INFO]: image path: D:\tmp\pictures\test.bmp
2023-11-14 09:22:43 [ERROR]: Error during auto click: 
2023-11-14 09:22:43 [INFO]: Przeszukujê folder...
2023-11-14 09:22:43 [INFO]: Sprawdzam plik: test.bmp
2023-11-14 09:22:43 [INFO]: image path: D:\tmp\pictures\test.bmp
2023-11-14 09:22:43 [ERROR]: Error during auto click: 
2023-11-14 09:22:43 [INFO]: Przeszukujê folder...
2023-11-14 09:22:43 [INFO]: Sprawdzam plik: test.bmp
2023-11-14 09:22:43 [INFO]: image path: D:\tmp\pictures\test.bmp
2023-11-14 09:22:43 [ERROR]: Error during auto click: 
2023-11-14 09:22:43 [INFO]: Przeszukujê folder...
2023-11-14 09:22:43 [INFO]: Sprawdzam plik: test.bmp
2023-11-14 09:22:43 [INFO]: image path: D:\tmp\pictures\test.bmp
2023-11-14 09:22:43 [ERROR]: Error during auto click: 
2023-11-14 09:22:43 [INFO]: Przeszukujê folder...
2023-11-14 09:22:43 [INFO]: Sprawdzam plik: test.bmp
2023-11-14 09:22:43 [INFO]: image path: D:\tmp\pictures\test.bmp
2023-11-14 09:22:43 [ERROR]: Error during auto click: 
2023-11-14 09:22:43 [INFO]: Przeszukujê folder...
2023-11-14 09:22:43 [INFO]: Sprawdzam plik: test.bmp
2023-11-14 09:22:43 [INFO]: image path: D:\tmp\pictures\test.bmp
2023-11-14 09:22:43 [ERROR]: Error during auto click: 
2023-11-14 09:22:43 [INFO]: Przeszukujê folder...
2023-11-14 09:22:43 [INFO]: Sprawdzam plik: test.bmp
2023-11-14 09:22:43 [INFO]: image path: D:\tmp\pictures\test.bmp
2023-11-14 09:22:43 [ERROR]: Error during auto click: 
2023-11-14 09:22:43 [INFO]: Przeszukujê folder...
2023-11-14 09:22:43 [INFO]: Sprawdzam plik: test.bmp
2023-11-14 09:22:43 [INFO]: image path: D:\tmp\pictures\test.bmp
2023-11-14 09:22:44 [ERROR]: Error during auto click: 
2023-11-14 09:22:44 [INFO]: Przeszukujê folder...
2023-11-14 09:22:44 [INFO]: Sprawdzam plik: test.bmp
2023-11-14 09:22:44 [INFO]: image path: D:\tmp\pictures\test.bmp
2023-11-14 09:22:44 [ERROR]: Error during auto click: 
2023-11-14 09:22:44 [INFO]: Przeszukujê folder...
2023-11-14 09:22:44 [INFO]: Sprawdzam plik: test.bmp
2023-11-14 09:22:44 [INFO]: image path: D:\tmp\pictures\test.bmp
2023-11-14 09:22:44 [ERROR]: Error during auto click: 
2023-11-14 09:22:44 [INFO]: Przeszukujê folder...
2023-11-14 09:22:44 [INFO]: Sprawdzam plik: test.bmp
2023-11-14 09:22:44 [INFO]: image path: D:\tmp\pictures\test.bmp
2023-11-14 09:22:44 [ERROR]: Error during auto click: 
2023-11-14 09:22:44 [INFO]: Przeszukujê folder...
2023-11-14 09:22:44 [INFO]: Sprawdzam plik: test.bmp
2023-11-14 09:22:44 [INFO]: image path: D:\tmp\pictures\test.bmp
2023-11-14 09:22:44 [INFO]: Znalazlem plik w lokacji: Box(left=268, top=494, width=73, height=15)
2023-11-14 09:22:44 [INFO]: Clicking on image: test.bmp
2023-11-14 09:22:49 [INFO]: Przeszukujê folder...
2023-11-14 09:22:49 [INFO]: Sprawdzam plik: test.bmp
2023-11-14 09:22:49 [INFO]: image path: D:\tmp\pictures\test.bmp
2023-11-14 09:22:49 [INFO]: Znalazlem plik w lokacji: Box(left=248, top=290, width=73, height=15)
2023-11-14 09:22:49 [INFO]: Clicking on image: test.bmp
2023-11-14 09:22:52 [INFO]: Stopped searching for images.
2023-11-14 09:34:38 [INFO]: Started searching for images.
2023-11-14 09:34:38 [INFO]: Przeszukujê folder...
2023-11-14 09:34:38 [INFO]: Sprawdzam plik: test.bmp
2023-11-14 09:34:38 [INFO]: image path: pictures\test.bmp
2023-11-14 09:34:38 [ERROR]: Error during auto click: 
2023-11-14 09:34:38 [INFO]: Przeszukujê folder...
2023-11-14 09:34:38 [INFO]: Sprawdzam plik: test.bmp
2023-11-14 09:34:38 [INFO]: image path: pictures\test.bmp
2023-11-14 09:34:38 [ERROR]: Error during auto click: 
2023-11-14 09:34:38 [INFO]: Przeszukujê folder...
2023-11-14 09:34:38 [INFO]: Sprawdzam plik: test.bmp
2023-11-14 09:34:38 [INFO]: image path: pictures\test.bmp
2023-11-14 09:34:38 [ERROR]: Error during auto click: 
2023-11-14 09:34:38 [INFO]: Przeszukujê folder...
2023-11-14 09:34:38 [INFO]: Sprawdzam plik: test.bmp
2023-11-14 09:34:38 [INFO]: image path: pictures\test.bmp
2023-11-14 09:34:38 [ERROR]: Error during auto click: 
2023-11-14 09:34:38 [INFO]: Przeszukujê folder...
2023-11-14 09:34:38 [INFO]: Sprawdzam plik: test.bmp
2023-11-14 09:34:38 [INFO]: image path: pictures\test.bmp
2023-11-14 09:34:38 [ERROR]: Error during auto click: 
2023-11-14 09:34:38 [INFO]: Przeszukujê folder...
2023-11-14 09:34:38 [INFO]: Sprawdzam plik: test.bmp
2023-11-14 09:34:38 [INFO]: image path: pictures\test.bmp
2023-11-14 09:34:38 [ERROR]: Error during auto click: 
2023-11-14 09:34:38 [INFO]: Przeszukujê folder...
2023-11-14 09:34:38 [INFO]: Sprawdzam plik: test.bmp
2023-11-14 09:34:38 [INFO]: image path: pictures\test.bmp
2023-11-14 09:34:38 [ERROR]: Error during auto click: 
2023-11-14 09:34:38 [INFO]: Przeszukujê folder...
2023-11-14 09:34:38 [INFO]: Sprawdzam plik: test.bmp
2023-11-14 09:34:38 [INFO]: image path: pictures\test.bmp
2023-11-14 09:34:38 [ERROR]: Error during auto click: 
2023-11-14 09:34:38 [INFO]: Przeszukujê folder...
2023-11-14 09:34:38 [INFO]: Sprawdzam plik: test.bmp
2023-11-14 09:34:38 [INFO]: image path: pictures\test.bmp
2023-11-14 09:34:38 [ERROR]: Error during auto click: 
2023-11-14 09:34:38 [INFO]: Przeszukujê folder...
2023-11-14 09:34:38 [INFO]: Sprawdzam plik: test.bmp
2023-11-14 09:34:38 [INFO]: image path: pictures\test.bmp
2023-11-14 09:34:39 [ERROR]: Error during auto click: 
2023-11-14 09:34:39 [INFO]: Przeszukujê folder...
2023-11-14 09:34:39 [INFO]: Sprawdzam plik: test.bmp
2023-11-14 09:34:39 [INFO]: image path: pictures\test.bmp
2023-11-14 09:34:39 [ERROR]: Error during auto click: 
2023-11-14 09:34:39 [INFO]: Przeszukujê folder...
2023-11-14 09:34:39 [INFO]: Sprawdzam plik: test.bmp
2023-11-14 09:34:39 [INFO]: image path: pictures\test.bmp
2023-11-14 09:34:39 [ERROR]: Error during auto click: 
2023-11-14 09:34:39 [INFO]: Przeszukujê folder...
2023-11-14 09:34:39 [INFO]: Sprawdzam plik: test.bmp
2023-11-14 09:34:39 [INFO]: image path: pictures\test.bmp
2023-11-14 09:34:39 [ERROR]: Error during auto click: 
2023-11-14 09:34:39 [INFO]: Przeszukujê folder...
2023-11-14 09:34:39 [INFO]: Sprawdzam plik: test.bmp
2023-11-14 09:34:39 [INFO]: image path: pictures\test.bmp
2023-11-14 09:34:39 [ERROR]: Error during auto click: 
2023-11-14 09:34:39 [INFO]: Przeszukujê folder...
2023-11-14 09:34:39 [INFO]: Sprawdzam plik: test.bmp
2023-11-14 09:34:39 [INFO]: image path: pictures\test.bmp
2023-11-14 09:34:39 [ERROR]: Error during auto click: 
2023-11-14 09:34:39 [INFO]: Przeszukujê folder...
2023-11-14 09:34:39 [INFO]: Sprawdzam plik: test.bmp
2023-11-14 09:34:39 [INFO]: image path: pictures\test.bmp
2023-11-14 09:34:39 [ERROR]: Error during auto click: 
2023-11-14 09:34:39 [INFO]: Przeszukujê folder...
2023-11-14 09:34:39 [INFO]: Sprawdzam plik: test.bmp
2023-11-14 09:34:39 [INFO]: image path: pictures\test.bmp
2023-11-14 09:34:39 [ERROR]: Error during auto click: 
2023-11-14 09:34:39 [INFO]: Przeszukujê folder...
2023-11-14 09:34:39 [INFO]: Sprawdzam plik: test.bmp
2023-11-14 09:34:39 [INFO]: image path: pictures\test.bmp
2023-11-14 09:34:39 [ERROR]: Error during auto click: 
2023-11-14 09:34:39 [INFO]: Przeszukujê folder...
2023-11-14 09:34:39 [INFO]: Sprawdzam plik: test.bmp
2023-11-14 09:34:39 [INFO]: image path: pictures\test.bmp
2023-11-14 09:34:39 [ERROR]: Error during auto click: 
2023-11-14 09:34:39 [INFO]: Przeszukujê folder...
2023-11-14 09:34:39 [INFO]: Sprawdzam plik: test.bmp
2023-11-14 09:34:39 [INFO]: image path: pictures\test.bmp
2023-11-14 09:34:40 [INFO]: Znalazlem plik w lokacji: Box(left=248, top=290, width=73, height=15)
2023-11-14 09:34:40 [INFO]: Clicking on image: test.bmp
2023-11-14 09:34:45 [INFO]: Przeszukujê folder...
2023-11-14 09:34:45 [INFO]: Sprawdzam plik: test.bmp
2023-11-14 09:34:45 [INFO]: image path: pictures\test.bmp
2023-11-14 09:34:45 [INFO]: Znalazlem plik w lokacji: Box(left=248, top=290, width=73, height=15)
2023-11-14 09:34:45 [INFO]: Clicking on image: test.bmp
2023-11-14 09:34:50 [INFO]: Przeszukujê folder...
2023-11-14 09:34:50 [INFO]: Sprawdzam plik: test.bmp
2023-11-14 09:34:50 [INFO]: image path: pictures\test.bmp
2023-11-14 09:34:50 [INFO]: Znalazlem plik w lokacji: Box(left=248, top=290, width=73, height=15)
2023-11-14 09:34:50 [INFO]: Clicking on image: test.bmp
2023-11-14 09:34:53 [INFO]: Stopped searching for images.
2023-11-14 09:44:43 [INFO]: Started searching for images.
2023-11-14 09:44:44 [ERROR]: Error during auto click: 
2023-11-14 09:44:45 [INFO]: Clicking on image: test.bmp
2023-11-14 09:44:50 [INFO]: Clicking on image: test.bmp
2023-11-14 09:44:53 [INFO]: Stopped searching for images.
2023-11-14 09:49:26 [INFO]: Started searching for images.
2023-11-14 09:49:26 [INFO]: Clicking on image: test.bmp
2023-11-14 09:49:32 [ERROR]: Error during auto click: 
2023-11-14 09:49:33 [ERROR]: Error during auto click: 
2023-11-14 09:49:34 [ERROR]: Error during auto click: 
2023-11-14 09:49:35 [ERROR]: Error during auto click: 
2023-11-14 09:49:36 [ERROR]: Error during auto click: 
2023-11-14 09:49:37 [ERROR]: Error during auto click: 
2023-11-14 09:49:39 [ERROR]: Error during auto click: 
2023-11-14 09:49:40 [ERROR]: Error during auto click: 
2023-11-14 09:49:41 [ERROR]: Error during auto click: 
2023-11-14 09:49:42 [ERROR]: Error during auto click: 
2023-11-14 09:49:43 [ERROR]: Error during auto click: 
2023-11-14 09:49:44 [ERROR]: Error during auto click: 
2023-11-14 09:49:45 [ERROR]: Error during auto click: 
2023-11-14 09:49:46 [ERROR]: Error during auto click: 
2023-11-14 09:49:47 [ERROR]: Error during auto click: 
2023-11-14 09:49:48 [ERROR]: Error during auto click: 
2023-11-14 09:49:49 [ERROR]: Error during auto click: 
2023-11-14 09:49:50 [ERROR]: Error during auto click: 
2023-11-14 09:49:51 [ERROR]: Error during auto click: 
2023-11-14 09:49:52 [ERROR]: Error during auto click: 
2023-11-14 09:49:53 [ERROR]: Error during auto click: 
2023-11-14 09:49:54 [ERROR]: Error during auto click: 
2023-11-14 09:49:55 [ERROR]: Error during auto click: 
2023-11-14 09:49:56 [ERROR]: Error during auto click: 
2023-11-14 09:49:57 [ERROR]: Error during auto click: 
2023-11-14 09:49:58 [ERROR]: Error during auto click: 
2023-11-14 09:49:59 [ERROR]: Error during auto click: 
2023-11-14 09:50:01 [ERROR]: Error during auto click: 
2023-11-14 09:50:02 [ERROR]: Error during auto click: 
2023-11-14 09:50:03 [ERROR]: Error during auto click: 
2023-11-14 09:50:04 [ERROR]: Error during auto click: 
2023-11-14 09:50:05 [ERROR]: Error during auto click: 
2023-11-14 09:50:06 [INFO]: Clicking on image: test.bmp
2023-11-14 09:50:11 [INFO]: Stopped searching for images.
